   -23.133    -3.454  4210.584   -22.380     3.886    -1.000  2000.000     0.000
   -23.133    -3.454    -1.000    20.885    12.033  4169.745  2000.000     0.000
   -23.133    -3.454    -1.000    -3.175    23.161  4211.280  2000.000     0.000
     3.765   -48.639  2753.429    -4.612    59.573  2248.393  2000.000     0.000
     3.765   -48.639    -1.000    -9.083     3.168  4847.012  2000.000     0.000
     3.765   -48.639    -1.000    11.694     0.014  4776.762  2000.000     0.000
     9.825   -10.709  4662.980    11.694     0.014    -1.000  2000.000     0.000
    42.086   -33.659  2505.518   -42.242    33.783  2496.303  2000.000     0.000
    23.910   -15.455  3912.845   -42.242    33.783    -1.000  2000.000     0.000
    -5.381   -15.568  4575.027   -42.242    33.783    -1.000  2000.000     0.000
    -5.381   -15.568    -1.000     2.285   -18.006  4493.063  2000.000     0.000
    -5.381   -15.568    -1.000    17.768    21.334  3954.988  2000.000     0.000
    -5.381   -15.568    -1.000   -12.637    -2.886  4728.323  2000.000     0.000
    39.402    22.359  2934.842   -55.960   -31.755  2066.980  2000.000     0.000
     6.612    54.579  2455.588    -6.376   -52.634  2546.233  2000.000     0.000
    51.895   -32.697  2183.809   -40.208    25.334  2818.012  2000.000     0.000
   -13.007    12.836  4486.798   -40.208    25.334    -1.000  2000.000     0.000
    -0.185   -64.856  2047.736     0.128    44.945  2954.086  2000.000     0.000
    -0.185   -64.856    -1.000     1.152    -9.669  4843.341  2000.000     0.000
    44.521   -48.358  2015.428   -30.037    32.626  2986.393  2000.000     0.000
    14.267    -2.121  4667.700   -30.037    32.626    -1.000  2000.000     0.000
   -37.348    33.701  2677.277    43.019   -38.819  2324.545  2000.000     0.000
   -13.695    85.007  1412.560     5.385   -33.428  3589.262  2000.000     0.000
   -10.856    -9.736  4660.865     5.385   -33.428    -1.000  2000.000     0.000
    46.031     6.194  2874.226   -62.199    -8.369  2127.596  2000.000     0.000
    -6.234   -37.268  3356.823    12.729    76.093  1644.998  2000.000     0.000
    22.071    50.274  2458.904   -21.341   -48.611  2542.918  2000.000     0.000
    21.091    -7.448  4268.266   -21.341   -48.611    -1.000  2000.000     0.000
    21.091    -7.448    -1.000     7.263     1.526  4908.150  2000.000     0.000
    12.482     8.779  4630.909     7.263     1.526    -1.000  2000.000     0.000
    11.976    40.046  3126.945   -19.982   -66.816  1874.876  2000.000     0.000
    54.421    73.022  1301.820   -19.130   -25.669  3700.002  2000.000     0.000
    54.421    73.022    -1.000    16.110    18.562  4142.375  2000.000     0.000
    70.797     4.177  1835.752   -41.032    -2.421  3166.069  2000.000     0.000
    -7.146    -6.122  4853.442   -41.032    -2.421    -1.000  2000.000     0.000
    10.636    -9.315  4679.934   -41.032    -2.421    -1.000  2000.000     0.000
    10.636    -9.315    -1.000     7.967    -7.103  4812.780  2000.000     0.000
    10.636    -9.315    -1.000    -5.499    18.658  4426.315  2000.000     0.000
    10.636    -9.315    -1.000    -9.102    -8.228  4755.288  2000.000     0.000
    47.683    50.101  1894.304   -29.056   -30.529  3107.518  2000.000     0.000
    16.640    21.887  3971.049   -29.056   -30.529    -1.000  2000.000     0.000
   -21.719    33.444  3235.826    39.814   -61.308  1765.995  2000.000     0.000
     1.655   -13.401  4706.496    39.814   -61.308    -1.000  2000.000     0.000
    14.529    21.262  4073.975    39.814   -61.308    -1.000  2000.000     0.000
   -82.558   -33.648  1343.202    30.284    12.343  3658.619  2000.000     0.000
   -82.558   -33.648    -1.000   -13.907    16.570  4309.047  2000.000     0.000
   -82.558   -33.648    -1.000    22.206    -6.724  4221.278  2000.000     0.000
   -59.186   -45.959  1709.876    30.726    23.860  3291.946  2000.000     0.000
    77.029    24.570  1543.330   -34.351   -10.957  3458.491  2000.000     0.000
    -3.258   -41.612  3130.303     5.451    69.627  1871.518  2000.000     0.000
