    77.141    44.639  1343.773   -28.313   -16.384  3658.049  2000.000     0.000
   -31.223   -84.085  1331.318    11.315    30.472  3670.504  2000.000     0.000
   -31.223   -84.085    -1.000     7.136     4.037  4888.179  2000.000     0.000
   -24.247    36.318  3023.380    37.064   -55.518  1978.442  2000.000     0.000
   -23.468    -4.921  4176.957    37.064   -55.518    -1.000  2000.000     0.000
   -29.451   -18.815  3524.254    70.297    44.910  1477.567  2000.000     0.000
   -93.220   -29.823  1168.152    28.374     9.078  3833.669  2000.000     0.000
    10.602   -15.029  4480.838    28.374     9.078    -1.000  2000.000     0.000
    -2.888    33.959  3575.987     7.247   -85.234  1425.834  2000.000     0.000
    54.761    -2.153  2463.549   -53.147     2.090  2538.272  2000.000     0.000
    54.761    -2.153    -1.000     5.616   -10.781  4759.595  2000.000     0.000
    -8.959   -46.615  2820.874    11.589    60.304  2180.948  2000.000     0.000
   -85.563    -4.806  1422.119    33.966     1.908  3579.702  2000.000     0.000
   -54.235    20.276  2326.395    47.155   -17.629  2675.427  2000.000     0.000
   -54.235    20.276    -1.000   -17.874    14.745  4223.024  2000.000     0.000
   -44.796    36.159  2340.717    39.399   -31.803  2661.105  2000.000     0.000
   -34.288    37.625  2647.786    38.570   -42.324  2354.036  2000.000     0.000
    -4.077   -24.222  4143.277    38.570   -42.324    -1.000  2000.000     0.000
    -4.077   -24.222    -1.000   -10.534     1.879  4811.870  2000.000     0.000
    -4.077   -24.222    -1.000    -5.941    28.427  3878.667  2000.000     0.000
   -12.428   -71.815  1772.855     6.820    39.411  3228.967  2000.000     0.000
    28.244   -32.779  3045.288   -43.976    51.037  1956.534  2000.000     0.000
    31.715     1.677  3715.307   -91.674    -4.846  1286.515  2000.000     0.000
    31.715     1.677    -1.000   -21.616   -11.305  4153.013  2000.000     0.000
    -8.022   -49.774  2671.796     9.200    57.080  2330.025  2000.000     0.000
    -8.022   -49.774    -1.000    -9.610   -26.329  3939.265  2000.000     0.000
   -10.077   -15.012  4496.545    -9.610   -26.329    -1.000  2000.000     0.000
   -13.436    -5.855  4657.641    -9.610   -26.329    -1.000  2000.000     0.000
   -13.436    -5.855    -1.000    -8.075    13.551  4607.514  2000.000     0.000
   -47.587     7.346  2785.722    59.829    -9.236  2216.099  2000.000     0.000
    24.118   -26.977  3450.826   -53.695    60.060  1550.995  2000.000     0.000
   -19.733    -6.754  4351.448   -53.695    60.060    -1.000  2000.000     0.000
   -62.125    25.743  1960.853    40.046   -16.594  3040.969  2000.000     0.000
    35.750    19.182  3196.245   -63.313   -33.971  1805.576  2000.000     0.000
    35.750    19.182    -1.000    15.280     2.400  4621.562  2000.000     0.000
   -36.222    76.895  1438.821    14.616   -31.028  3563.000  2000.000     0.000
    93.965     1.019  1242.462   -31.025    -0.336  3759.360  2000.000     0.000
    93.965     1.019    -1.000    -2.446   -24.547  4137.139  2000.000     0.000
   -12.258   -17.586  4319.842    -2.446   -24.547    -1.000  2000.000     0.000
   -12.258   -17.586    -1.000   -10.765   -16.534  4411.691  2000.000     0.000
    32.863   -68.271  1685.083   -16.687    34.667  3316.739  2000.000     0.000
    -7.399    10.792  4723.424   -16.687    34.667    -1.000  2000.000     0.000
    24.022    44.480  2665.068   -27.400   -50.735  2336.753  2000.000     0.000
    24.022    44.480    -1.000    13.309    -3.739  4693.164  2000.000     0.000
   -14.919    40.323  3060.401    23.526   -63.586  1941.420  2000.000     0.000
   -25.225    30.751  3241.760    46.483   -56.666  1760.062  2000.000     0.000
    11.668    71.599  1783.532    -6.463   -39.661  3218.289  2000.000     0.000
    37.837   -46.622  2236.315   -30.592    37.695  2765.506  2000.000     0.000
    21.583   -33.636  3230.809   -39.392    61.390  1771.012  2000.000     0.000
    21.583   -33.636    -1.000    -6.273   -19.906  4350.700  2000.000     0.000
    28.708    13.846  3708.488   -82.392   -39.739  1293.333  2000.000     0.000
   -29.404     3.934  3841.173    97.419   -13.034  1160.649  2000.000     0.000
   -29.404     3.934    -1.000    -7.900   -25.839  3999.191  2000.000     0.000
    -3.887    23.944  4160.905    -7.900   -25.839    -1.000  2000.000     0.000
   -28.711    -6.798  3850.822    96.164    22.770  1150.999  2000.000     0.000
     8.607    18.862  4358.145    96.164    22.770    -1.000  2000.000     0.000
   -51.653   -15.728  2500.668    51.643    15.725  2501.153  2000.000     0.000
    38.845     5.861  3269.871   -73.374   -11.071  1731.951  2000.000     0.000
    38.845     5.861    -1.000   -23.750    -3.534  4175.064  2000.000     0.000
    77.199   -39.992  1392.979   -29.774    15.424  3608.842  2000.000     0.000
    77.199   -39.992    -1.000    -3.102     1.013  4982.704  2000.000     0.000
    77.199   -39.992    -1.000    10.629     3.392  4796.072  2000.000     0.000
    33.436    20.832  3263.509   -62.804   -39.130  1738.312  2000.000     0.000
    36.549    55.645  1984.857   -24.038   -36.597  3016.965  2000.000     0.000
   -51.922    -5.214  2585.912    55.579     5.581  2415.909  2000.000     0.000
   -51.922    -5.214    -1.000     6.892   -20.584  4304.924  2000.000     0.000
   -49.308   -28.601  2365.342    44.233    25.658  2636.480  2000.000     0.000
   -23.628    75.901  1579.697    10.900   -35.015  3422.125  2000.000     0.000
    53.157    17.046  2417.500   -49.723   -15.945  2584.322  2000.000     0.000
    23.694   -46.335  2592.702   -25.501    49.869  2409.120  2000.000     0.000
    -9.400    12.233  4623.364   -25.501    49.869    -1.000  2000.000     0.000
    -9.400    12.233    -1.000     0.403   -20.133  4390.129  2000.000     0.000
   -14.403    64.136  2015.347     9.717   -43.268  2986.475  2000.000     0.000
   -55.628   -26.407  2174.147    42.763    20.300  2827.674  2000.000     0.000
   -84.948    -2.535  1439.130    34.289     1.023  3562.692  2000.000     0.000
    59.825     5.543  2234.779   -48.309    -4.476  2767.043  2000.000     0.000
    -7.943   -18.169  4406.466   -48.309    -4.476    -1.000  2000.000     0.000
    -7.943   -18.169    -1.000    -0.927     9.380  4852.965  2000.000     0.000
     3.692    22.226  4259.124    -0.927     9.380    -1.000  2000.000     0.000
   -12.561    30.247  3655.683    34.142   -82.211  1346.138  2000.000     0.000
   -12.561    30.247    -1.000    -4.989    18.534  4439.735  2000.000     0.000
   -27.843    36.892  2886.164    37.992   -50.339  2115.658  2000.000     0.000
     6.765    12.947  4659.747    37.992   -50.339    -1.000  2000.000     0.000
   -24.739    43.545  2688.347    28.751   -50.606  2313.475  2000.000     0.000
    53.330    79.217  1212.686   -17.051   -25.327  3789.136  2000.000     0.000
    67.253    -5.744  1952.000   -43.030     3.675  3049.822  2000.000     0.000
   -45.311    18.012  2754.670    55.553   -22.083  2247.151  2000.000     0.000
   -45.311    18.012    -1.000    22.681    -0.985  4249.472  2000.000     0.000
   -45.311    18.012    -1.000    -8.227    20.762  4270.192  2000.000     0.000
    53.296    35.277  2083.204   -38.031   -25.173  2918.618  2000.000     0.000
    50.458    15.486  2557.504   -52.796   -16.204  2444.317  2000.000     0.000
    -7.098    26.861  3953.869   -52.796   -16.204    -1.000  2000.000     0.000
    -8.742    18.635  4366.222   -52.796   -16.204    -1.000  2000.000     0.000
    -8.742    18.635    -1.000   -13.695     0.424  4698.295  2000.000     0.000
    41.885     9.307  3065.265   -66.321   -14.737  1936.557  2000.000     0.000
    41.885     9.307    -1.000    -4.424   -14.449  4637.560  2000.000     0.000
   -15.890    13.455  4353.375    -4.424   -14.449    -1.000  2000.000     0.000
    63.616    43.787  1642.755   -31.094   -21.402  3359.066  2000.000     0.000
    15.132    10.073  4491.659   -31.094   -21.402    -1.000  2000.000     0.000
   -28.629   -40.256  2722.447    34.198    48.088  2279.374  2000.000     0.000
