#  1        2     3       4           5       6      7       8  
  134.97   75.80 3114.20 1887.62    1.20    1.99    0.00    0.00
  134.97   41.87 4362.68  639.14    0.59    4.04    0.00    0.00
  134.97  128.28  952.02 4049.80    3.19    0.75    0.00    0.00
  134.97  155.88  219.19 4782.63    7.23    0.33    0.00    0.00
  134.97   53.85 3975.68 1026.14    0.79    3.04    0.00    0.00
  134.97   93.12 2364.80 2637.02    1.63    1.46    0.00    0.00
  134.97   67.63 3452.30 1549.52    1.04    2.31    0.00    0.00
  134.97   63.68 3609.32 1392.50    0.96    2.49    0.00    0.00
  134.97   22.97 4802.60  199.22    0.31    7.60    0.00    0.00
  134.97   44.06 4297.52  704.30    0.63    3.82    0.00    0.00
  134.97   95.56 2258.47 2743.35    1.70    1.40    0.00    0.00
  134.97  106.13 1806.27 3195.55    2.06    1.16    0.00    0.00
  134.97  132.54  810.72 4191.11    3.52    0.68    0.00    0.00
  134.97   90.96 2459.00 2542.82    1.57    1.52    0.00    0.00
  134.97  155.13  232.72 4769.10    7.00    0.34    0.00    0.00
  134.97  161.64  128.23 4873.59    9.54    0.25    0.00    0.00
  134.97   26.49 4738.39  263.43    0.36    6.56    0.00    0.00
  134.97   65.62 3532.99 1468.84    1.00    2.40    0.00    0.00
  134.97  115.10 1440.34 3561.48    2.43    0.98    0.00    0.00
  134.97   40.86 4391.79  610.03    0.58    4.15    0.00    0.00
  134.97  170.52   35.06 4966.76   18.49    0.13    0.00    0.00
  134.97   69.18 3389.35 1612.48    1.07    2.24    0.00    0.00
  134.97   22.47 4811.12  190.70    0.31    7.77    0.00    0.00
  134.97   13.93 4927.41   74.41    0.19   12.61    0.00    0.00
  134.97  102.97 1939.90 3061.92    1.94    1.23    0.00    0.00
  134.97   92.81 2378.31 2623.51    1.62    1.47    0.00    0.00
  134.97  137.59  655.19 4346.63    3.98    0.60    0.00    0.00
  134.97   16.21 4901.58  100.24    0.22   10.83    0.00    0.00
  134.97  168.56   50.57 4951.26   15.35    0.15    0.00    0.00
  134.97   80.49 2913.98 2087.84    1.31    1.83    0.00    0.00
  134.97   98.56 2128.73 2873.09    1.80    1.33    0.00    0.00
  134.97   57.52 3843.25 1158.57    0.85    2.82    0.00    0.00
  134.97   81.76 2859.21 2142.61    1.34    1.79    0.00    0.00
  134.97  123.49 1121.28 3880.54    2.88    0.83    0.00    0.00
  134.97  125.20 1059.82 3942.00    2.98    0.80    0.00    0.00
  134.97  117.76 1336.52 3665.30    2.56    0.93    0.00    0.00
  134.97  106.64 1785.03 3216.79    2.08    1.15    0.00    0.00
  134.97   36.30 4515.66  486.16    0.51    4.71    0.00    0.00
  134.97   47.50 4189.86  811.96    0.68    3.51    0.00    0.00
  134.97  104.54 1873.30 3128.52    2.00    1.20    0.00    0.00
  134.97   58.19 3818.78 1183.04    0.86    2.78    0.00    0.00
  134.97  106.82 1777.68 3224.15    2.08    1.15    0.00    0.00
  134.97   27.76 4713.15  288.67    0.38    6.25    0.00    0.00
  134.97   83.61 2779.02 2222.80    1.38    1.73    0.00    0.00
  134.97  136.48  687.99 4313.84    3.87    0.62    0.00    0.00
  134.97  139.93  587.72 4414.11    4.24    0.56    0.00    0.00
  134.97   69.79 3364.52 1637.30    1.08    2.22    0.00    0.00
  134.97   70.36 3341.28 1660.54    1.09    2.19    0.00    0.00
  134.97  109.77 1655.21 3346.61    2.20    1.09    0.00    0.00
  134.97  123.43 1123.65 3878.17    2.87    0.83    0.00    0.00
  134.97   18.45 4872.38  129.44    0.25    9.50    0.00    0.00
  134.97   57.40 3847.71 1154.11    0.85    2.82    0.00    0.00
  134.97  120.14 1245.71 3756.11    2.69    0.89    0.00    0.00
  134.97  111.81 1571.90 3429.92    2.28    1.05    0.00    0.00
  134.97   92.69 2383.47 2618.35    1.62    1.48    0.00    0.00
  134.97   80.47 2915.03 2086.79    1.31    1.83    0.00    0.00
  134.97   82.41 2831.20 2170.62    1.35    1.77    0.00    0.00
  134.97   94.66 2297.84 2703.98    1.68    1.43    0.00    0.00
  134.97   40.92 4390.09  611.73    0.58    4.14    0.00    0.00
  134.97  119.89 1255.04 3746.78    2.67    0.89    0.00    0.00
  134.97   42.24 4351.76  650.06    0.60    4.00    0.00    0.00
  134.97   73.41 3214.64 1787.18    1.15    2.07    0.00    0.00
  134.97  115.12 1439.72 3562.10    2.43    0.98    0.00    0.00
  134.97   68.77 3406.34 1595.49    1.06    2.26    0.00    0.00
  134.97   84.00 2762.40 2239.42    1.39    1.72    0.00    0.00
  134.97   51.71 4049.86  951.96    0.75    3.19    0.00    0.00
  134.97   95.36 2267.38 2734.44    1.70    1.41    0.00    0.00
  134.97  133.10  792.85 4208.97    3.56    0.67    0.00    0.00
  134.97  160.72  141.14 4860.68    9.08    0.26    0.00    0.00
  134.97   96.20 2230.95 2770.87    1.72    1.39    0.00    0.00
  134.97  115.18 1437.08 3564.75    2.44    0.98    0.00    0.00
  134.97  164.59   90.74 4911.08   11.40    0.21    0.00    0.00
  134.97   33.05 4596.30  405.52    0.46    5.21    0.00    0.00
  134.97   45.99 4237.80  764.02    0.66    3.64    0.00    0.00
  134.97   77.81 3028.86 1972.96    1.25    1.92    0.00    0.00
  134.97   35.19 4543.98  457.84    0.49    4.87    0.00    0.00
  134.97  107.95 1730.39 3271.44    2.13    1.12    0.00    0.00
  134.97  106.15 1805.51 3196.32    2.06    1.16    0.00    0.00
  134.97  149.72  341.98 4659.84    5.71    0.42    0.00    0.00
  134.97  119.82 1257.77 3744.05    2.67    0.90    0.00    0.00
  134.97  134.38  752.38 4249.45    3.68    0.65    0.00    0.00
  134.97   98.67 2123.89 2877.93    1.80    1.33    0.00    0.00
  134.97   96.28 2227.31 2774.51    1.73    1.39    0.00    0.00
  134.97  123.95 1104.69 3897.13    2.90    0.82    0.00    0.00
  134.97   88.76 2554.79 2447.03    1.51    1.58    0.00    0.00
  134.97   69.92 3359.33 1642.49    1.08    2.21    0.00    0.00
  134.97   90.30 2487.61 2514.21    1.55    1.54    0.00    0.00
  134.97   76.84 3069.88 1931.94    1.23    1.95    0.00    0.00
  134.97   42.97 4330.09  671.73    0.61    3.93    0.00    0.00
  134.97   81.42 2874.05 2127.77    1.33    1.80    0.00    0.00
  134.97   63.15 3629.90 1371.92    0.95    2.52    0.00    0.00
  134.97   53.87 3975.05 1026.77    0.79    3.04    0.00    0.00
  134.97  144.39  468.52 4533.30    4.81    0.50    0.00    0.00
  134.97   48.20 4167.13  834.69    0.69    3.46    0.00    0.00
  134.97   93.32 2356.23 2645.59    1.64    1.46    0.00    0.00
  134.97   78.88 2982.87 2018.95    1.27    1.88    0.00    0.00
  134.97  104.73 1865.29 3136.53    2.01    1.19    0.00    0.00
  134.97   82.77 2815.65 2186.17    1.36    1.75    0.00    0.00
  134.97   47.38 4193.88  807.95    0.68    3.52    0.00    0.00
  134.97   97.49 2175.04 2826.78    1.76    1.36    0.00    0.00
  134.97   77.91 3024.35 1977.47    1.25    1.91    0.00    0.00
  134.97   83.84 2769.32 2232.50    1.39    1.72    0.00    0.00
  134.97  153.38  265.82 4736.00    6.53    0.37    0.00    0.00
  134.97   47.60 4186.58  815.24    0.68    3.50    0.00    0.00
  134.97   82.08 2845.56 2156.26    1.35    1.78    0.00    0.00
  134.97  105.44 1835.49 3166.33    2.03    1.18    0.00    0.00
  134.97   98.51 2130.78 2871.04    1.79    1.33    0.00    0.00
  134.97   51.98 4040.67  961.15    0.75    3.17    0.00    0.00
  134.97  156.08  215.59 4786.23    7.29    0.33    0.00    0.00
  134.97   38.88 4447.19  554.63    0.55    4.38    0.00    0.00
  134.97   90.05 2498.56 2503.26    1.55    1.54    0.00    0.00
  134.97  115.00 1444.18 3557.64    2.43    0.99    0.00    0.00
  134.97   59.42 3772.76 1229.06    0.88    2.71    0.00    0.00
  134.97  156.05  216.11 4785.71    7.28    0.33    0.00    0.00
  134.97  105.01 1853.45 3148.38    2.02    1.19    0.00    0.00
  134.97   68.08 3434.30 1567.52    1.04    2.29    0.00    0.00
  134.97   86.36 2659.50 2342.32    1.45    1.65    0.00    0.00
  134.97   92.93 2372.91 2628.91    1.63    1.47    0.00    0.00
  134.97   84.06 2759.66 2242.16    1.39    1.72    0.00    0.00
  134.97   70.82 3322.29 1679.53    1.10    2.17    0.00    0.00
  134.97  105.93 1814.93 3186.89    2.05    1.17    0.00    0.00
  134.97   44.17 4294.06  707.76    0.63    3.81    0.00    0.00
  134.97  117.80 1335.11 3666.71    2.56    0.93    0.00    0.00
  134.97  121.84 1182.17 3819.65    2.78    0.86    0.00    0.00
  134.97  135.68  712.35 4289.47    3.80    0.63    0.00    0.00
  134.97  126.41 1017.17 3984.66    3.06    0.78    0.00    0.00
  134.97   75.95 3107.66 1894.16    1.21    1.98    0.00    0.00
  134.97   66.23 3508.58 1493.24    1.01    2.37    0.00    0.00
  134.97  109.03 1685.55 3316.27    2.17    1.10    0.00    0.00
  134.97   55.90 3902.40 1099.43    0.82    2.91    0.00    0.00
  134.97  148.70  364.87 4636.95    5.51    0.43    0.00    0.00
  134.97   91.85 2420.19 2581.63    1.60    1.50    0.00    0.00
  134.97  125.46 1050.65 3951.17    3.00    0.80    0.00    0.00
  134.97   35.22 4543.38  458.44    0.49    4.87    0.00    0.00
  134.97   82.47 2828.40 2173.42    1.36    1.76    0.00    0.00
  134.97  129.25  919.08 4082.74    3.26    0.73    0.00    0.00
  134.97   73.88 3195.05 1806.77    1.16    2.06    0.00    0.00
  134.97   46.43 4224.11  777.71    0.66    3.60    0.00    0.00
  134.97  104.55 1872.80 3129.02    2.00    1.20    0.00    0.00
  134.97   99.61 2083.35 2918.47    1.83    1.31    0.00    0.00
  134.97   77.20 3054.64 1947.19    1.23    1.94    0.00    0.00
  134.97  103.53 1916.08 3085.74    1.96    1.22    0.00    0.00
  134.97   43.13 4325.30  676.52    0.61    3.91    0.00    0.00
  134.97   49.84 4113.36  888.47    0.72    3.33    0.00    0.00
  134.97  119.08 1285.68 3716.14    2.63    0.91    0.00    0.00
  134.97  111.58 1581.27 3420.55    2.27    1.05    0.00    0.00
  134.97   92.14 2407.68 2594.14    1.61    1.49    0.00    0.00
  134.97  144.00  478.47 4523.36    4.76    0.50    0.00    0.00
  134.97   11.71 4948.85   52.97    0.16   14.99    0.00    0.00
  134.97   89.98 2501.72 2500.10    1.55    1.55    0.00    0.00
  134.97  107.34 1755.76 3246.06    2.10    1.14    0.00    0.00
  134.97   76.16 3098.88 1902.94    1.21    1.97    0.00    0.00
  134.97   55.43 3919.46 1082.36    0.81    2.94    0.00    0.00
  134.97   26.21 4743.93  257.89    0.36    6.64    0.00    0.00
  134.97   63.76 3606.39 1395.43    0.96    2.49    0.00    0.00
  134.97   62.42 3658.56 1343.26    0.94    2.55    0.00    0.00
  134.97  101.12 2018.57 2983.26    1.88    1.27    0.00    0.00
  134.97   35.85 4527.31  474.51    0.50    4.78    0.00    0.00
  134.97  121.75 1185.23 3816.59    2.78    0.86    0.00    0.00
  134.97  152.39  285.51 4716.31    6.29    0.38    0.00    0.00
  134.97   99.65 2081.92 2919.90    1.83    1.31    0.00    0.00
  134.97  163.07  109.20 4892.62   10.37    0.23    0.00    0.00
  134.97  110.05 1643.65 3358.17    2.21    1.08    0.00    0.00
  134.97  154.20  250.09 4751.73    6.74    0.35    0.00    0.00
  134.97   67.86 3442.97 1558.85    1.04    2.30    0.00    0.00
  134.97  118.40 1312.03 3689.79    2.59    0.92    0.00    0.00
  134.97  111.00 1604.86 3396.96    2.25    1.06    0.00    0.00
  134.97   79.95 2937.37 2064.45    1.30    1.84    0.00    0.00
  134.97   81.73 2860.52 2141.30    1.34    1.79    0.00    0.00
  134.97  109.19 1679.30 3322.52    2.18    1.10    0.00    0.00
  134.97   53.17 3999.47 1002.36    0.77    3.09    0.00    0.00
  134.97   11.56 4950.16   51.66    0.16   15.18    0.00    0.00
  134.97   61.41 3697.22 1304.61    0.92    2.60    0.00    0.00
  134.97   97.69 2166.54 2835.28    1.77    1.35    0.00    0.00
  134.97  114.12 1479.36 3522.46    2.39    1.00    0.00    0.00
  134.97   43.57 4312.33  689.49    0.62    3.87    0.00    0.00
  134.97   55.66 3911.23 1090.59    0.82    2.93    0.00    0.00
  134.97   15.70 4907.65   94.17    0.21   11.18    0.00    0.00
  134.97   42.11 4355.54  646.28    0.60    4.02    0.00    0.00
  134.97  134.43  750.80 4251.02    3.68    0.65    0.00    0.00
  134.97   73.34 3217.62 1784.20    1.15    2.08    0.00    0.00
  134.97   85.29 2706.37 2295.46    1.42    1.68    0.00    0.00
  134.97   86.28 2663.16 2338.66    1.45    1.65    0.00    0.00
  134.97   90.04 2499.30 2502.52    1.55    1.55    0.00    0.00
  134.97   44.33 4289.32  712.50    0.63    3.79    0.00    0.00
  134.97   79.85 2941.26 2060.56    1.29    1.85    0.00    0.00
  134.97   83.05 2803.28 2198.54    1.37    1.75    0.00    0.00
  134.97   81.30 2878.89 2122.93    1.33    1.80    0.00    0.00
  134.97  102.60 1955.50 3046.32    1.93    1.24    0.00    0.00
  134.97  138.51  628.13 4373.69    4.08    0.59    0.00    0.00
  134.97   84.25 2751.43 2250.40    1.40    1.71    0.00    0.00
  134.97   99.88 2072.08 2929.74    1.84    1.30    0.00    0.00
  134.97   97.35 2181.17 2820.66    1.76    1.36    0.00    0.00
  134.97  152.30  287.53 4714.29    6.26    0.38    0.00    0.00
  134.97   66.11 3513.40 1488.42    1.01    2.38    0.00    0.00
  134.97   58.54 3805.68 1196.14    0.87    2.76    0.00    0.00
  134.97  173.56   16.69 4985.13   26.97    0.09    0.00    0.00
  134.97  162.71  113.87 4887.95   10.14    0.24    0.00    0.00
  134.97  117.25 1356.11 3645.71    2.54    0.94    0.00    0.00
  134.97   70.97 3315.97 1685.85    1.10    2.17    0.00    0.00
  134.97  126.86 1001.40 4000.42    3.09    0.77    0.00    0.00
  134.97   24.83 4769.83  231.99    0.34    7.02    0.00    0.00
  134.97   78.42 3002.72 1999.10    1.26    1.90    0.00    0.00
  134.97  165.25   83.27 4918.55   11.91    0.20    0.00    0.00
  134.97   84.78 2728.51 2273.31    1.41    1.69    0.00    0.00
  134.97   78.54 2997.53 2004.29    1.26    1.89    0.00    0.00
  134.97  167.02   64.78 4937.04   13.53    0.18    0.00    0.00
  134.97   61.13 3707.83 1293.99    0.91    2.62    0.00    0.00
  134.97   63.31 3623.64 1378.18    0.95    2.51    0.00    0.00
  134.97   73.79 3198.85 1802.97    1.16    2.06    0.00    0.00
  134.97  154.33  247.74 4754.08    6.78    0.35    0.00    0.00
  134.97   94.64 2298.48 2703.34    1.68    1.43    0.00    0.00
  134.97   22.73 4806.82  195.00    0.31    7.68    0.00    0.00
  134.97  130.81  867.16 4134.66    3.38    0.71    0.00    0.00
  134.97  145.48  441.18 4560.65    4.97    0.48    0.00    0.00
  134.97   62.97 3636.89 1364.93    0.95    2.52    0.00    0.00
  134.97  101.86 1986.90 3014.92    1.90    1.26    0.00    0.00
  134.97  142.92  506.37 4495.45    4.61    0.52    0.00    0.00
  134.97  143.67  486.85 4514.97    4.71    0.51    0.00    0.00
  134.97   94.26 2315.17 2686.65    1.67    1.44    0.00    0.00
  134.97   10.02 4962.79   39.03    0.14   17.51    0.00    0.00
  134.97  113.79 1492.32 3509.50    2.37    1.01    0.00    0.00
  134.97   59.15 3782.78 1219.04    0.88    2.72    0.00    0.00
  134.97   91.34 2442.33 2559.49    1.58    1.51    0.00    0.00
  134.97  108.97 1688.32 3313.50    2.17    1.10    0.00    0.00
  134.97   75.75 3116.11 1885.71    1.20    1.99    0.00    0.00
  134.97  160.07  150.68 4851.14    8.78    0.27    0.00    0.00
  134.97   70.77 3324.52 1677.30    1.10    2.18    0.00    0.00
  134.97  170.38   36.08 4965.74   18.22    0.13    0.00    0.00
  134.97  115.13 1439.21 3562.61    2.43    0.98    0.00    0.00
  134.97   89.98 2501.66 2500.16    1.55    1.55    0.00    0.00
  134.97  137.83  648.10 4353.72    4.01    0.60    0.00    0.00
  134.97   31.85 4624.51  377.31    0.44    5.42    0.00    0.00
  134.97  143.04  503.18 4498.65    4.63    0.52    0.00    0.00
  134.97   87.36 2616.06 2385.76    1.48    1.62    0.00    0.00
  134.97   37.92 4473.22  528.61    0.53    4.50    0.00    0.00
  134.97   73.59 3207.07 1794.75    1.16    2.07    0.00    0.00
  134.97  129.92  896.53 4105.30    3.31    0.72    0.00    0.00
  134.97   30.38 4657.71  344.11    0.42    5.69    0.00    0.00
  134.97  127.19  989.76 4012.06    3.11    0.77    0.00    0.00
  134.97  153.45  264.56 4737.26    6.55    0.36    0.00    0.00
  134.97  136.44  689.27 4312.56    3.87    0.62    0.00    0.00
  134.97   90.74 2468.75 2533.07    1.57    1.53    0.00    0.00
  134.97  109.13 1681.49 3320.33    2.17    1.10    0.00    0.00
  134.97   72.34 3259.28 1742.54    1.13    2.11    0.00    0.00
  134.97   90.81 2465.43 2536.39    1.57    1.52    0.00    0.00
  134.97   62.29 3663.58 1338.24    0.93    2.56    0.00    0.00
  134.97  137.63  653.85 4347.97    3.99    0.60    0.00    0.00
  134.97   85.48 2697.91 2303.92    1.43    1.67    0.00    0.00
  134.97  111.01 1604.56 3397.26    2.25    1.06    0.00    0.00
  134.97   74.00 3190.05 1811.77    1.17    2.05    0.00    0.00
  134.97  177.35    3.58 4998.24   60.54    0.04    0.00    0.00
  134.97   48.80 4147.70  854.12    0.70    3.41    0.00    0.00
  134.97   61.87 3679.72 1322.10    0.93    2.58    0.00    0.00
  134.97  133.04  794.79 4207.03    3.56    0.67    0.00    0.00
  134.97  125.53 1048.24 3953.58    3.00    0.80    0.00    0.00
  134.97  163.39  105.24 4896.59   10.56    0.23    0.00    0.00
  134.97   24.28 4779.75  222.08    0.33    7.18    0.00    0.00
  134.97   27.85 4711.42  290.40    0.38    6.23    0.00    0.00
  134.97  152.49  283.58 4718.24    6.31    0.38    0.00    0.00
  134.97  110.11 1641.27 3360.55    2.21    1.08    0.00    0.00
  134.97  108.37 1712.87 3288.95    2.14    1.12    0.00    0.00
  134.97   65.37 3542.69 1459.13    0.99    2.41    0.00    0.00
  134.97  110.85 1610.93 3390.89    2.24    1.07    0.00    0.00
  134.97  120.51 1231.51 3770.31    2.71    0.88    0.00    0.00
  134.97   61.20 3705.35 1296.47    0.91    2.61    0.00    0.00
  134.97   39.90 4418.84  582.99    0.56    4.26    0.00    0.00
  134.97  109.41 1669.96 3331.86    2.18    1.09    0.00    0.00
  134.97   59.50 3769.78 1232.05    0.88    2.71    0.00    0.00
  134.97  138.61  625.21 4376.61    4.09    0.58    0.00    0.00
  134.97   99.83 2074.04 2927.78    1.84    1.30    0.00    0.00
  134.97  126.24 1023.11 3978.71    3.05    0.78    0.00    0.00
  134.97  129.60  907.19 4094.63    3.29    0.73    0.00    0.00
  134.97  122.83 1145.53 3856.29    2.84    0.84    0.00    0.00
  134.97  100.10 2062.49 2939.33    1.85    1.30    0.00    0.00
  134.97   43.27 4321.26  680.56    0.61    3.90    0.00    0.00
  134.97   61.61 3689.72 1312.10    0.92    2.59    0.00    0.00
  134.97   57.41 3847.39 1154.43    0.85    2.82    0.00    0.00
  134.97   28.45 4699.06  302.77    0.39    6.10    0.00    0.00
  134.97  140.79  563.94 4437.88    4.34    0.55    0.00    0.00
  134.97   53.91 3973.54 1028.28    0.79    3.04    0.00    0.00
  134.97  119.42 1272.81 3729.01    2.65    0.90    0.00    0.00
  134.97   20.56 4841.60  160.22    0.28    8.51    0.00    0.00
  134.97   69.56 3374.16 1627.66    1.07    2.23    0.00    0.00
  134.97   33.92 4575.46  426.37    0.47    5.07    0.00    0.00
  134.97   29.86 4669.10  332.73    0.41    5.80    0.00    0.00
  134.97   95.08 2279.61 2722.21    1.69    1.42    0.00    0.00
  134.97   59.46 3771.22 1230.60    0.88    2.71    0.00    0.00
  134.97   91.47 2436.76 2565.06    1.59    1.51    0.00    0.00
  134.97   80.89 2896.75 2105.07    1.32    1.81    0.00    0.00
  134.97  107.66 1742.41 3259.41    2.12    1.13    0.00    0.00
  134.97  108.22 1719.40 3282.42    2.14    1.12    0.00    0.00
  134.97   70.54 3333.62 1668.20    1.09    2.19    0.00    0.00
  134.97   86.28 2662.96 2338.86    1.45    1.65    0.00    0.00
  134.97  126.51 1013.48 3988.34    3.07    0.78    0.00    0.00
  134.97  129.14  922.98 4078.85    3.25    0.74    0.00    0.00
  134.97   53.46 3989.45 1012.37    0.78    3.07    0.00    0.00
  134.97   95.53 2260.02 2741.81    1.70    1.40    0.00    0.00
  134.97  115.84 1411.26 3590.56    2.47    0.97    0.00    0.00
  134.97  141.47  545.25 4456.57    4.42    0.54    0.00    0.00
  134.97  105.78 1820.93 3180.89    2.04    1.17    0.00    0.00
  134.97  149.20  353.50 4648.32    5.61    0.43    0.00    0.00
  134.97    7.85 4977.51   24.31    0.11   22.27    0.00    0.00
  134.97  118.27 1317.03 3684.79    2.59    0.92    0.00    0.00
  134.97   73.14 3226.15 1775.67    1.15    2.08    0.00    0.00
  134.97   40.08 4413.68  588.14    0.56    4.24    0.00    0.00
  134.97  151.42  305.64 4696.18    6.06    0.39    0.00    0.00
  134.97  127.96  963.29 4038.53    3.17    0.75    0.00    0.00
  134.97  151.96  294.35 4707.47    6.19    0.39    0.00    0.00
  134.97  139.22  607.98 4393.84    4.16    0.57    0.00    0.00
  134.97   84.15 2755.72 2246.11    1.40    1.71    0.00    0.00
  134.97   34.56 4559.78  442.04    0.48    4.97    0.00    0.00
  134.97   52.52 4022.11  979.71    0.76    3.13    0.00    0.00
  134.97  120.21 1243.04 3758.78    2.69    0.89    0.00    0.00
  134.97  137.04  671.28 4330.54    3.93    0.61    0.00    0.00
  134.97   10.04 4962.60   39.22    0.14   17.46    0.00    0.00
  134.97  128.13  957.17 4044.65    3.18    0.75    0.00    0.00
  134.97   86.32 2661.42 2340.40    1.45    1.65    0.00    0.00
  134.97   13.87 4928.02   73.80    0.19   12.66    0.00    0.00
  134.97  114.96 1446.10 3555.72    2.42    0.99    0.00    0.00
  134.97   85.98 2676.19 2325.63    1.44    1.66    0.00    0.00
  134.97  118.68 1301.25 3700.57    2.61    0.92    0.00    0.00
  134.97   48.03 4172.88  828.94    0.69    3.47    0.00    0.00
  134.97   26.83 4731.79  270.03    0.37    6.48    0.00    0.00
  134.97   97.84 2160.09 2841.73    1.77    1.35    0.00    0.00
  134.97  145.82  432.70 4569.12    5.03    0.48    0.00    0.00
  134.97  130.43  879.71 4122.11    3.35    0.71    0.00    0.00
  134.97  174.43   12.73 4989.09   30.99    0.08    0.00    0.00
  134.97  140.89  561.12 4440.71    4.35    0.55    0.00    0.00
  134.97   95.69 2252.97 2748.85    1.71    1.40    0.00    0.00
  134.97   49.86 4112.65  889.17    0.72    3.33    0.00    0.00
  134.97  106.34 1797.76 3204.06    2.06    1.16    0.00    0.00
  134.97  125.62 1044.72 3957.10    3.01    0.79    0.00    0.00
  134.97   99.57 2085.22 2916.60    1.83    1.31    0.00    0.00
  134.97  105.50 1832.61 3169.21    2.03    1.18    0.00    0.00
  134.97   94.39 2309.52 2692.30    1.67    1.43    0.00    0.00
  134.97  111.96 1565.94 3435.88    2.29    1.04    0.00    0.00
  134.97   43.59 4311.52  690.31    0.62    3.87    0.00    0.00
  134.97  116.72 1376.68 3625.15    2.51    0.95    0.00    0.00
  134.97  118.93 1291.75 3710.08    2.62    0.91    0.00    0.00
  134.97   49.79 4114.91  886.91    0.72    3.33    0.00    0.00
  134.97   17.14 4889.84  111.98    0.23   10.23    0.00    0.00
  134.97  102.80 1947.06 3054.76    1.94    1.23    0.00    0.00
  134.97   83.89 2767.10 2234.72    1.39    1.72    0.00    0.00
  134.97   87.11 2626.97 2374.85    1.47    1.63    0.00    0.00
  134.97  153.43  264.85 4736.97    6.54    0.37    0.00    0.00
  134.97  104.12 1891.10 3110.72    1.98    1.21    0.00    0.00
  134.97  108.53 1706.32 3295.50    2.15    1.11    0.00    0.00
  134.97  111.21 1596.24 3405.58    2.26    1.06    0.00    0.00
  134.97  157.86  185.19 4816.63    7.89    0.30    0.00    0.00
  134.97  152.76  278.26 4723.57    6.37    0.37    0.00    0.00
  134.97   54.03 3969.48 1032.34    0.79    3.03    0.00    0.00
  134.97   99.15 2103.54 2898.28    1.82    1.32    0.00    0.00
  134.97  128.82  933.88 4067.94    3.23    0.74    0.00    0.00
  134.97  114.89 1448.75 3553.07    2.42    0.99    0.00    0.00
  134.97   25.07 4765.45  236.37    0.34    6.95    0.00    0.00
  134.97  128.08  958.87 4042.95    3.18    0.75    0.00    0.00
  134.97   78.63 2993.60 2008.22    1.27    1.89    0.00    0.00
  134.97   43.02 4328.81  673.01    0.61    3.92    0.00    0.00
  134.97  111.05 1602.79 3399.04    2.25    1.06    0.00    0.00
  134.97   49.12 4137.06  864.76    0.71    3.38    0.00    0.00
  134.97   61.11 3708.92 1292.90    0.91    2.62    0.00    0.00
  134.97  148.36  372.60 4629.22    5.45    0.44    0.00    0.00
  134.97  104.17 1888.95 3112.87    1.99    1.20    0.00    0.00
  134.97  135.95  704.10 4297.73    3.82    0.63    0.00    0.00
  134.97   82.19 2840.69 2161.13    1.35    1.77    0.00    0.00
  134.97  116.62 1380.61 3621.21    2.50    0.95    0.00    0.00
  134.97   94.97 2284.25 2717.57    1.69    1.42    0.00    0.00
  134.97  148.10  378.58 4623.24    5.41    0.44    0.00    0.00
  134.97   88.91 2548.48 2453.34    1.52    1.58    0.00    0.00
  134.97   84.72 2730.79 2271.03    1.41    1.70    0.00    0.00
  134.97  125.80 1038.46 3963.36    3.02    0.79    0.00    0.00
  134.97  103.49 1917.71 3084.11    1.96    1.22    0.00    0.00
  134.97  124.17 1096.80 3905.02    2.92    0.82    0.00    0.00
  134.97   55.26 3925.41 1076.41    0.81    2.95    0.00    0.00
  134.97  113.97 1485.30 3516.52    2.38    1.00    0.00    0.00
  134.97   64.94 3559.94 1441.88    0.98    2.43    0.00    0.00
  134.97   37.42 4486.46  515.36    0.52    4.56    0.00    0.00
  134.97  120.15 1245.24 3756.58    2.69    0.89    0.00    0.00
  134.97  106.22 1802.72 3199.10    2.06    1.16    0.00    0.00
  134.97  128.28  952.32 4049.51    3.19    0.75    0.00    0.00
  134.97   73.35 3217.32 1784.51    1.15    2.08    0.00    0.00
  134.97  132.14  823.43 4178.39    3.48    0.69    0.00    0.00
  134.97  135.34  722.64 4279.18    3.76    0.64    0.00    0.00
  134.97  117.99 1327.79 3674.03    2.57    0.93    0.00    0.00
  134.97   59.97 3751.94 1249.88    0.89    2.68    0.00    0.00
  134.97   98.02 2152.30 2849.52    1.78    1.34    0.00    0.00
  134.97  166.69   68.08 4933.74   13.19    0.18    0.00    0.00
  134.97   10.47 4959.29   42.53    0.14   16.76    0.00    0.00
  134.97   42.28 4350.46  651.36    0.60    4.00    0.00    0.00
  134.97  112.46 1545.92 3455.90    2.31    1.03    0.00    0.00
  134.97   79.33 2963.71 2038.12    1.28    1.86    0.00    0.00
  134.97  123.64 1115.89 3885.93    2.89    0.83    0.00    0.00
  134.97  160.38  145.99 4855.83    8.93    0.27    0.00    0.00
  134.97   26.43 4739.68  262.14    0.36    6.58    0.00    0.00
  134.97  167.02   64.76 4937.06   13.53    0.18    0.00    0.00
  134.97   59.49 3770.19 1231.63    0.88    2.71    0.00    0.00
  134.97  165.46   80.98 4920.84   12.08    0.20    0.00    0.00
  134.97   86.69 2645.05 2356.78    1.46    1.64    0.00    0.00
  134.97  146.42  418.14 4583.69    5.12    0.47    0.00    0.00
  134.97   36.82 4502.17  499.65    0.51    4.64    0.00    0.00
  134.97   94.98 2283.88 2717.94    1.69    1.42    0.00    0.00
  134.97  142.72  511.76 4490.06    4.58    0.52    0.00    0.00
  134.97   77.48 3042.75 1959.07    1.24    1.93    0.00    0.00
  134.97  117.79 1335.18 3666.64    2.56    0.93    0.00    0.00
  134.97  146.48  416.73 4585.09    5.13    0.47    0.00    0.00
  134.97  106.42 1794.10 3207.72    2.07    1.16    0.00    0.00
  134.97   44.89 4272.08  729.74    0.64    3.74    0.00    0.00
  134.97  162.01  123.19 4878.63    9.74    0.24    0.00    0.00
  134.97  151.92  295.21 4706.62    6.18    0.39    0.00    0.00
  134.97   64.03 3595.61 1406.21    0.97    2.47    0.00    0.00
  134.97  162.45  117.29 4884.54    9.99    0.24    0.00    0.00
  134.97   37.58 4482.22  519.60    0.53    4.54    0.00    0.00
  134.97  118.16 1321.15 3680.67    2.58    0.93    0.00    0.00
  134.97  137.67  652.66 4349.16    3.99    0.60    0.00    0.00
  134.97  147.98  381.24 4620.58    5.39    0.44    0.00    0.00
  134.97  116.98 1366.74 3635.08    2.52    0.95    0.00    0.00
  134.97   65.78 3526.41 1475.41    1.00    2.39    0.00    0.00
  134.97  155.71  222.25 4779.57    7.18    0.33    0.00    0.00
  134.97   97.95 2155.22 2846.60    1.78    1.35    0.00    0.00
  134.97  126.70 1006.81 3995.02    3.08    0.78    0.00    0.00
  134.97   57.24 3853.79 1148.03    0.84    2.83    0.00    0.00
  134.97   84.28 2749.88 2251.94    1.40    1.71    0.00    0.00
  134.97  132.76  803.45 4198.37    3.54    0.68    0.00    0.00
  134.97   38.42 4459.72  542.10    0.54    4.44    0.00    0.00
  134.97   55.86 3903.94 1097.88    0.82    2.92    0.00    0.00
  134.97   37.50 4484.34  517.48    0.52    4.55    0.00    0.00
  134.97   73.64 3205.11 1796.71    1.16    2.07    0.00    0.00
  134.97   91.85 2420.20 2581.62    1.60    1.50    0.00    0.00
  134.97   42.62 4340.57  661.25    0.60    3.96    0.00    0.00
  134.97  118.15 1321.27 3680.55    2.58    0.93    0.00    0.00
  134.97  110.00 1646.01 3355.82    2.21    1.08    0.00    0.00
  134.97   54.28 3960.33 1041.50    0.79    3.02    0.00    0.00
  134.97   84.95 2720.94 2280.88    1.42    1.69    0.00    0.00
  134.97   93.69 2340.06 2661.77    1.65    1.45    0.00    0.00
  134.97   97.68 2166.84 2834.98    1.77    1.35    0.00    0.00
  134.97   51.84 4045.44  956.38    0.75    3.18    0.00    0.00
  134.97   46.06 4235.67  766.15    0.66    3.64    0.00    0.00
  134.97   95.79 2248.81 2753.01    1.71    1.40    0.00    0.00
  134.97   99.79 2075.84 2925.98    1.84    1.30    0.00    0.00
  134.97  136.08  700.17 4301.65    3.83    0.62    0.00    0.00
  134.97  147.30  397.08 4604.74    5.27    0.45    0.00    0.00
  134.97   62.17 3667.90 1333.92    0.93    2.56    0.00    0.00
  134.97   96.35 2224.25 2777.57    1.73    1.38    0.00    0.00
  134.97   94.89 2287.64 2714.18    1.68    1.42    0.00    0.00
  134.97   89.54 2520.91 2480.91    1.53    1.56    0.00    0.00
  134.97  108.43 1710.36 3291.46    2.15    1.11    0.00    0.00
  134.97   78.93 2980.77 2021.05    1.27    1.88    0.00    0.00
  134.97   32.87 4600.61  401.21    0.46    5.24    0.00    0.00
  134.97   55.69 3910.25 1091.57    0.82    2.93    0.00    0.00
  134.97   71.94 3276.00 1725.82    1.12    2.13    0.00    0.00
  134.97   74.17 3183.03 1818.79    1.17    2.05    0.00    0.00
  134.97   96.24 2229.29 2772.53    1.72    1.39    0.00    0.00
  134.97  105.11 1849.42 3152.40    2.02    1.18    0.00    0.00
  134.97   72.75 3242.15 1759.67    1.14    2.10    0.00    0.00
  134.97   65.96 3519.29 1482.54    1.00    2.38    0.00    0.00
  134.97    8.04 4976.35   25.47    0.11   21.74    0.00    0.00
  134.97   65.57 3534.85 1466.97    1.00    2.40    0.00    0.00
  134.97  113.35 1510.05 3491.77    2.35    1.02    0.00    0.00
  134.97   37.66 4479.98  521.84    0.53    4.53    0.00    0.00
  134.97  134.07  761.94 4239.88    3.65    0.66    0.00    0.00
  134.97  105.40 1837.23 3164.59    2.03    1.18    0.00    0.00
  134.97  105.68 1825.15 3176.68    2.04    1.17    0.00    0.00
  134.97   49.23 4133.49  868.33    0.71    3.37    0.00    0.00
  134.97  157.03  199.11 4802.71    7.60    0.31    0.00    0.00
  134.97  135.16  728.13 4273.69    3.75    0.64    0.00    0.00
  134.97   48.13 4169.65  832.17    0.69    3.46    0.00    0.00
  134.97   79.82 2942.98 2058.85    1.29    1.85    0.00    0.00
  134.97  124.80 1074.00 3927.82    2.96    0.81    0.00    0.00
  134.97  100.95 2026.16 2975.66    1.87    1.28    0.00    0.00
  134.97   22.17 4816.13  185.69    0.30    7.88    0.00    0.00
  134.97   56.84 3868.29 1133.53    0.84    2.86    0.00    0.00
  134.97   85.89 2680.02 2321.80    1.44    1.66    0.00    0.00
  134.97   80.84 2898.83 2102.99    1.32    1.82    0.00    0.00
  134.97   53.30 3994.93 1006.89    0.78    3.08    0.00    0.00
  134.97   41.29 4379.47  622.35    0.58    4.10    0.00    0.00
  134.97   81.53 2869.16 2132.66    1.33    1.79    0.00    0.00
  134.97   83.41 2787.91 2213.92    1.38    1.74    0.00    0.00
  134.97  127.73  970.99 4030.83    3.15    0.76    0.00    0.00
  134.97  126.78 1003.92 3997.90    3.09    0.77    0.00    0.00
  134.97   93.60 2343.92 2657.91    1.65    1.45    0.00    0.00
  134.97   58.13 3820.74 1181.08    0.86    2.78    0.00    0.00
  134.97   66.99 3478.34 1523.49    1.02    2.34    0.00    0.00
  134.97  123.35 1126.52 3875.30    2.87    0.83    0.00    0.00
  134.97   54.00 3970.32 1031.50    0.79    3.03    0.00    0.00
  134.97  127.76  970.17 4031.65    3.15    0.76    0.00    0.00
  134.97  133.96  765.54 4236.29    3.64    0.66    0.00    0.00
  134.97   70.22 3346.95 1654.87    1.09    2.20    0.00    0.00
  134.97   52.76 4013.89  987.93    0.77    3.12    0.00    0.00
  134.97  102.04 1979.62 3022.20    1.91    1.25    0.00    0.00
  134.97   67.28 3466.53 1535.29    1.03    2.32    0.00    0.00
  134.97   56.70 3873.64 1128.18    0.83    2.87    0.00    0.00
  134.97  115.35 1430.45 3571.37    2.44    0.98    0.00    0.00
  134.97   18.64 4869.76  132.06    0.25    9.40    0.00    0.00
  134.97  133.08  793.44 4208.38    3.56    0.67    0.00    0.00
  134.97   22.29 4814.12  187.70    0.30    7.84    0.00    0.00
  134.97  106.69 1782.94 3218.88    2.08    1.15    0.00    0.00
  134.97   55.95 3900.77 1101.06    0.82    2.91    0.00    0.00
  134.97  103.89 1900.67 3101.15    1.98    1.21    0.00    0.00
  134.97  132.52  811.20 4190.62    3.52    0.68    0.00    0.00
  134.97  157.96  183.68 4818.14    7.93    0.30    0.00    0.00
  134.97   90.02 2500.01 2501.82    1.55    1.55    0.00    0.00
  134.97   14.24 4924.11   77.71    0.19   12.33    0.00    0.00
  134.97  123.56 1118.97 3882.85    2.88    0.83    0.00    0.00
  134.97  169.44   43.28 4958.54   16.61    0.14    0.00    0.00
  134.97   96.13 2234.09 2767.73    1.72    1.39    0.00    0.00
  134.97   96.50 2217.76 2784.06    1.73    1.38    0.00    0.00
  134.97   78.16 3013.89 1987.94    1.26    1.90    0.00    0.00
  134.97  126.24 1022.90 3978.92    3.05    0.78    0.00    0.00
  134.97   40.49 4402.21  599.61    0.57    4.19    0.00    0.00
  134.97   92.52 2390.93 2610.89    1.62    1.48    0.00    0.00
  134.97  107.18 1762.30 3239.52    2.10    1.14    0.00    0.00
  134.97   56.50 3880.60 1121.22    0.83    2.88    0.00    0.00
  134.97   98.50 2131.20 2870.62    1.79    1.33    0.00    0.00
  134.97  119.68 1262.97 3738.86    2.66    0.90    0.00    0.00
  134.97  153.37  266.13 4735.69    6.53    0.37    0.00    0.00
  134.97   75.94 3108.21 1893.61    1.21    1.98    0.00    0.00
  134.97   33.65 4581.92  419.90    0.47    5.11    0.00    0.00
  134.97  141.20  552.67 4449.15    4.39    0.54    0.00    0.00
  134.97  146.67  411.99 4589.83    5.16    0.46    0.00    0.00
  134.97   51.57 4054.79  947.03    0.75    3.20    0.00    0.00
  134.97   54.03 3969.33 1032.49    0.79    3.03    0.00    0.00
  134.97   87.56 2607.16 2394.66    1.48    1.61    0.00    0.00
  134.97  150.74  319.93 4681.89    5.92    0.40    0.00    0.00
  134.97   80.13 2929.51 2072.31    1.30    1.84    0.00    0.00
  134.97   53.56 3985.91 1015.91    0.78    3.06    0.00    0.00
  134.97  155.09  233.40 4768.42    6.99    0.34    0.00    0.00
  134.97  146.36  419.63 4582.19    5.11    0.47    0.00    0.00
  134.97  129.51  910.45 4091.37    3.28    0.73    0.00    0.00
  134.97  130.38  881.35 4120.47    3.34    0.71    0.00    0.00
  134.97   94.82 2290.95 2710.87    1.68    1.42    0.00    0.00
  134.97  114.02 1483.24 3518.58    2.38    1.00    0.00    0.00
  134.97  117.22 1357.43 3644.39    2.53    0.94    0.00    0.00
  134.97  134.95  734.81 4267.01    3.73    0.64    0.00    0.00
  134.97   49.27 4132.21  869.61    0.71    3.37    0.00    0.00
  134.97  113.96 1485.85 3515.97    2.38    1.01    0.00    0.00
  134.97  104.37 1880.39 3121.43    1.99    1.20    0.00    0.00
  134.97  174.86   10.97 4990.85   33.45    0.07    0.00    0.00
  134.97   95.13 2277.47 2724.35    1.69    1.41    0.00    0.00
  134.97   75.16 3141.21 1860.61    1.19    2.01    0.00    0.00
  134.97  108.62 1702.75 3299.07    2.15    1.11    0.00    0.00
  134.97   38.56 4455.81  546.01    0.54    4.42    0.00    0.00
  134.97  107.50 1749.35 3252.47    2.11    1.13    0.00    0.00
  134.97   62.53 3654.23 1347.59    0.94    2.55    0.00    0.00
  134.97  171.59   27.82 4974.00   20.79    0.11    0.00    0.00
  134.97   90.00 2501.02 2500.81    1.55    1.55    0.00    0.00
  134.97    6.29 4985.86   15.96    0.08   27.60    0.00    0.00
  134.97  138.35  632.98 4368.85    4.06    0.59    0.00    0.00
  134.97  146.13  425.16 4576.66    5.08    0.47    0.00    0.00
  134.97  111.16 1598.64 3403.18    2.26    1.06    0.00    0.00
  134.97  142.32  522.44 4479.38    4.53    0.53    0.00    0.00
  134.97  149.83  339.57 4662.25    5.73    0.42    0.00    0.00
  134.97   23.78 4788.67  213.15    0.33    7.33    0.00    0.00
  134.97   75.62 3121.77 1880.06    1.20    1.99    0.00    0.00
  134.97   22.62 4808.67  193.15    0.31    7.72    0.00    0.00
  134.97   66.37 3502.87 1498.95    1.01    2.36    0.00    0.00
  134.97  102.24 1971.09 3030.73    1.92    1.25    0.00    0.00
  134.97   74.56 3166.32 1835.50    1.18    2.03    0.00    0.00
  134.97  124.00 1103.02 3898.80    2.91    0.82    0.00    0.00
  134.97  125.78 1039.08 3962.74    3.02    0.79    0.00    0.00
  134.97  163.32  106.16 4895.66   10.52    0.23    0.00    0.00
  134.97   30.05 4664.82  337.00    0.42    5.76    0.00    0.00
  134.97  162.17  121.01 4880.81    9.83    0.24    0.00    0.00
  134.97   36.02 4523.03  478.80    0.50    4.75    0.00    0.00
  134.97   15.49 4910.07   91.75    0.21   11.33    0.00    0.00
  134.97   89.15 2538.02 2463.81    1.52    1.57    0.00    0.00
  134.97   98.54 2129.51 2872.31    1.80    1.33    0.00    0.00
  134.97   17.44 4885.96  115.86    0.24   10.06    0.00    0.00
  134.97  150.65  321.70 4680.12    5.90    0.40    0.00    0.00
  134.97   70.53 3334.08 1667.74    1.09    2.19    0.00    0.00
  134.97   82.03 2847.56 2154.26    1.34    1.78    0.00    0.00
  134.97   95.70 2252.56 2749.26    1.71    1.40    0.00    0.00
  134.97  147.06  402.89 4598.93    5.23    0.46    0.00    0.00
  134.97   72.90 3235.85 1765.98    1.14    2.09    0.00    0.00
  134.97   96.24 2229.07 2772.75    1.72    1.39    0.00    0.00
  134.97  125.06 1065.00 3936.82    2.97    0.80    0.00    0.00
  134.97  136.02  701.97 4299.86    3.83    0.62    0.00    0.00
  134.97  142.44  519.24 4482.58    4.54    0.53    0.00    0.00
  134.97   81.34 2877.52 2124.30    1.33    1.80    0.00    0.00
  134.97   77.64 3036.08 1965.74    1.24    1.92    0.00    0.00
  134.97   63.77 3605.92 1395.91    0.96    2.49    0.00    0.00
  134.97  140.05  584.41 4417.41    4.25    0.56    0.00    0.00
  134.97  147.32  396.76 4605.06    5.27    0.45    0.00    0.00
  134.97   88.69 2558.07 2443.75    1.51    1.58    0.00    0.00
  134.97   41.50 4373.39  628.44    0.59    4.08    0.00    0.00
  134.97   25.02 4766.31  235.51    0.34    6.96    0.00    0.00
  134.97   75.66 3119.93 1881.90    1.20    1.99    0.00    0.00
  134.97   83.28 2793.66 2208.17    1.37    1.74    0.00    0.00
  134.97  172.37   23.06 4978.76   22.87    0.10    0.00    0.00
  134.97  162.84  112.19 4889.63   10.22    0.23    0.00    0.00
  134.97  130.67  871.69 4130.13    3.37    0.71    0.00    0.00
  134.97   98.50 2131.32 2870.50    1.79    1.33    0.00    0.00
  134.97   29.21 4683.00  318.83    0.40    5.93    0.00    0.00
  134.97   47.46 4191.17  810.65    0.68    3.52    0.00    0.00
  134.97   59.51 3769.50 1232.32    0.88    2.70    0.00    0.00
  134.97   75.35 3133.36 1868.46    1.19    2.00    0.00    0.00
  134.97  130.46  878.76 4123.06    3.35    0.71    0.00    0.00
  134.97   90.49 2479.34 2522.48    1.56    1.53    0.00    0.00
  134.97  113.91 1487.85 3513.97    2.38    1.01    0.00    0.00
  134.97   63.36 3621.82 1380.00    0.95    2.51    0.00    0.00
  134.97  114.56 1461.67 3540.15    2.41    0.99    0.00    0.00
  134.97   87.14 2625.63 2376.19    1.47    1.63    0.00    0.00
  134.97   43.58 4311.83  689.99    0.62    3.87    0.00    0.00
  134.97  131.90  831.29 4170.53    3.46    0.69    0.00    0.00
  134.97   67.41 3461.13 1540.69    1.03    2.32    0.00    0.00
  134.97   90.51 2478.78 2523.04    1.56    1.53    0.00    0.00
  134.97  157.78  186.48 4815.34    7.86    0.30    0.00    0.00
  134.97   66.16 3511.37 1490.45    1.01    2.37    0.00    0.00
  134.97   40.43 4403.93  597.89    0.57    4.20    0.00    0.00
  134.97  128.01  961.42 4040.40    3.17    0.75    0.00    0.00
  134.97  102.90 1942.76 3059.06    1.94    1.23    0.00    0.00
  134.97  102.55 1957.89 3043.93    1.93    1.24    0.00    0.00
  134.97  146.83  408.35 4593.47    5.19    0.46    0.00    0.00
  134.97  172.48   22.41 4979.41   23.21    0.10    0.00    0.00
  134.97   77.36 3047.86 1953.96    1.24    1.93    0.00    0.00
  134.97  123.75 1112.02 3889.80    2.89    0.83    0.00    0.00
  134.97  108.84 1693.58 3308.24    2.16    1.11    0.00    0.00
  134.97  160.27  147.72 4854.10    8.87    0.27    0.00    0.00
  134.97  123.66 1115.15 3886.68    2.89    0.83    0.00    0.00
  134.97  112.43 1547.11 3454.71    2.31    1.03    0.00    0.00
  134.97  103.15 1932.00 3069.82    1.95    1.23    0.00    0.00
  134.97  138.97  615.00 4386.82    4.13    0.58    0.00    0.00
  134.97   90.46 2480.95 2520.87    1.56    1.53    0.00    0.00
  134.97   84.32 2748.47 2253.35    1.40    1.71    0.00    0.00
  134.97   57.24 3853.78 1148.04    0.84    2.83    0.00    0.00
  134.97   70.35 3341.62 1660.20    1.09    2.19    0.00    0.00
  134.97  167.56   59.61 4942.22   14.12    0.17    0.00    0.00
  134.97   75.30 3135.15 1866.67    1.19    2.00    0.00    0.00
  134.97   70.50 3335.55 1666.27    1.09    2.19    0.00    0.00
  134.97   97.95 2155.16 2846.66    1.78    1.35    0.00    0.00
  134.97  141.86  534.53 4467.29    4.47    0.53    0.00    0.00
  134.97   64.63 3572.09 1429.73    0.98    2.44    0.00    0.00
  134.97   88.28 2575.75 2426.07    1.50    1.59    0.00    0.00
  134.97  168.46   51.44 4950.38   15.21    0.16    0.00    0.00
  134.97  143.46  492.31 4509.51    4.68    0.51    0.00    0.00
  134.97   36.11 4520.51  481.31    0.50    4.74    0.00    0.00
  134.97   73.92 3193.37 1808.46    1.16    2.05    0.00    0.00
  134.97   94.75 2293.97 2707.85    1.68    1.42    0.00    0.00
  134.97   43.23 4322.32  679.50    0.61    3.90    0.00    0.00
  134.97   76.09 3101.79 1900.04    1.21    1.98    0.00    0.00
  134.97   29.12 4684.88  316.94    0.40    5.95    0.00    0.00
  134.97   63.44 3618.83 1382.99    0.96    2.50    0.00    0.00
  134.97   50.34 4096.34  905.48    0.73    3.29    0.00    0.00
  134.97  128.73  936.78 4065.04    3.22    0.74    0.00    0.00
  134.97   82.82 2813.48 2188.34    1.36    1.75    0.00    0.00
  134.97   71.69 3286.44 1715.38    1.12    2.14    0.00    0.00
  134.97   91.89 2418.54 2583.28    1.60    1.50    0.00    0.00
  134.97   22.04 4818.20  183.63    0.30    7.93    0.00    0.00
  134.97   62.98 3636.85 1364.97    0.95    2.52    0.00    0.00
  134.97   98.37 2136.83 2864.99    1.79    1.34    0.00    0.00
  134.97   32.73 4603.88  397.94    0.45    5.26    0.00    0.00
  134.97   51.08 4071.41  930.41    0.74    3.24    0.00    0.00
  134.97   96.09 2235.89 2765.93    1.72    1.39    0.00    0.00
  134.97   45.35 4257.80  744.02    0.65    3.70    0.00    0.00
  134.97  106.45 1792.88 3208.94    2.07    1.16    0.00    0.00
  134.97  154.25  249.21 4752.61    6.76    0.35    0.00    0.00
  134.97  106.34 1797.38 3204.44    2.06    1.16    0.00    0.00
  134.97   73.38 3215.77 1786.05    1.15    2.08    0.00    0.00
  134.97   85.88 2680.57 2321.25    1.44    1.66    0.00    0.00
  134.97  111.55 1582.82 3419.00    2.27    1.05    0.00    0.00
  134.97  125.07 1064.60 3937.22    2.97    0.80    0.00    0.00
  134.97   98.39 2136.29 2865.54    1.79    1.34    0.00    0.00
  134.97  125.46 1050.64 3951.18    3.00    0.80    0.00    0.00
  134.97   84.24 2751.78 2250.04    1.40    1.71    0.00    0.00
  134.97   99.97 2068.01 2933.81    1.84    1.30    0.00    0.00
  134.97   25.27 4761.76  240.07    0.35    6.89    0.00    0.00
  134.97   56.43 3883.22 1118.61    0.83    2.88    0.00    0.00
  134.97  135.49  718.11 4283.72    3.78    0.63    0.00    0.00
  134.97   28.75 4692.76  309.06    0.40    6.03    0.00    0.00
  134.97  119.28 1278.31 3723.51    2.64    0.91    0.00    0.00
  134.97   80.70 2905.06 2096.77    1.31    1.82    0.00    0.00
  134.97   75.84 3112.50 1889.32    1.20    1.98    0.00    0.00
  134.97   36.57 4508.67  493.16    0.51    4.68    0.00    0.00
  134.97  134.45  750.11 4251.71    3.68    0.65    0.00    0.00
  134.97  128.09  958.53 4043.29    3.18    0.75    0.00    0.00
  134.97  163.79  100.25 4901.57   10.83    0.22    0.00    0.00
  134.97  117.05 1363.84 3637.99    2.53    0.95    0.00    0.00
  134.97   17.65 4883.22  118.60    0.24    9.94    0.00    0.00
  134.97  144.61  462.84 4538.98    4.84    0.49    0.00    0.00
  134.97   85.19 2710.38 2291.44    1.42    1.68    0.00    0.00
  134.97   88.26 2576.79 2425.03    1.50    1.59    0.00    0.00
  134.97   96.76 2206.51 2795.31    1.74    1.37    0.00    0.00
  134.97  130.19  887.45 4114.38    3.33    0.72    0.00    0.00
  134.97  140.57  569.78 4432.04    4.31    0.55    0.00    0.00
  134.97  128.80  934.41 4067.41    3.23    0.74    0.00    0.00
  134.97   68.65 3410.93 1590.89    1.06    2.26    0.00    0.00
  134.97   77.72 3032.80 1969.02    1.25    1.92    0.00    0.00
  134.97   84.41 2744.61 2257.21    1.40    1.71    0.00    0.00
  134.97   75.49 3127.45 1874.37    1.20    2.00    0.00    0.00
  134.97  137.77  649.79 4352.03    4.00    0.60    0.00    0.00
  134.97   66.79 3486.14 1515.68    1.02    2.35    0.00    0.00
  134.97  121.49 1194.90 3806.92    2.76    0.87    0.00    0.00
  134.97   75.61 3122.05 1879.77    1.20    1.99    0.00    0.00
  134.97  119.80 1258.54 3743.28    2.67    0.90    0.00    0.00
  134.97  116.29 1393.70 3608.13    2.49    0.96    0.00    0.00
  134.97   37.24 4491.13  510.69    0.52    4.59    0.00    0.00
  134.97   90.63 2473.28 2528.55    1.56    1.53    0.00    0.00
  134.97   30.56 4653.64  348.18    0.42    5.66    0.00    0.00
  134.97  150.21  331.31 4670.51    5.81    0.41    0.00    0.00
  134.97   96.27 2227.91 2773.91    1.73    1.39    0.00    0.00
  134.97  100.12 2061.67 2940.15    1.85    1.29    0.00    0.00
  134.97   84.30 2749.33 2252.49    1.40    1.71    0.00    0.00
  134.97  148.28  374.44 4627.38    5.44    0.44    0.00    0.00
  134.97  162.09  122.12 4879.70    9.79    0.24    0.00    0.00
  134.97   77.16 3056.44 1945.38    1.23    1.94    0.00    0.00
  134.97  118.69 1300.63 3701.19    2.61    0.92    0.00    0.00
  134.97   61.38 3698.27 1303.55    0.92    2.60    0.00    0.00
  134.97  102.34 1966.55 3035.27    1.92    1.24    0.00    0.00
  134.97  109.42 1669.50 3332.32    2.18    1.09    0.00    0.00
  134.97   61.32 3700.62 1301.21    0.92    2.61    0.00    0.00
  134.97   68.36 3422.68 1579.14    1.05    2.28    0.00    0.00
  134.97   69.13 3391.46 1610.36    1.07    2.24    0.00    0.00
  134.97   73.98 3190.72 1811.10    1.16    2.05    0.00    0.00
  134.97   43.13 4325.46  676.36    0.61    3.91    0.00    0.00
  134.97  113.96 1485.57 3516.25    2.38    1.00    0.00    0.00
  134.97  102.90 1942.70 3059.13    1.94    1.23    0.00    0.00
  134.97  116.55 1383.34 3618.48    2.50    0.96    0.00    0.00
  134.97   23.08 4800.78  201.04    0.32    7.56    0.00    0.00
  134.97   96.21 2230.27 2771.55    1.72    1.39    0.00    0.00
  134.97   47.66 4184.69  817.13    0.68    3.50    0.00    0.00
  134.97   70.96 3316.51 1685.31    1.10    2.17    0.00    0.00
  134.97   89.31 2530.98 2470.84    1.53    1.57    0.00    0.00
  134.97   58.39 3811.41 1190.41    0.86    2.77    0.00    0.00
  134.97   38.86 4447.53  554.29    0.55    4.38    0.00    0.00
  134.97   78.30 3007.74 1994.09    1.26    1.90    0.00    0.00
  134.97   31.58 4630.60  371.22    0.44    5.46    0.00    0.00
  134.97   50.42 4093.71  908.11    0.73    3.28    0.00    0.00
  134.97  128.45  946.19 4055.63    3.20    0.75    0.00    0.00
  134.97  108.24 1718.60 3283.22    2.14    1.12    0.00    0.00
  134.97   70.69 3327.66 1674.16    1.10    2.18    0.00    0.00
  134.97   73.06 3229.17 1772.65    1.15    2.09    0.00    0.00
  134.97   45.38 4256.92  744.90    0.65    3.70    0.00    0.00
  134.97  116.25 1395.33 3606.49    2.49    0.96    0.00    0.00
  134.97   36.88 4500.53  501.29    0.52    4.63    0.00    0.00
  134.97   20.44 4843.43  158.39    0.28    8.56    0.00    0.00
  134.97   51.23 4066.35  935.48    0.74    3.22    0.00    0.00
  134.97   59.60 3766.09 1235.73    0.89    2.70    0.00    0.00
  134.97  131.12  856.77 4145.05    3.40    0.70    0.00    0.00
  134.97  118.31 1315.34 3686.48    2.59    0.92    0.00    0.00
  134.97   53.77 3978.63 1023.19    0.78    3.05    0.00    0.00
  134.97  124.71 1077.34 3924.48    2.95    0.81    0.00    0.00
  134.97   78.30 3008.03 1993.79    1.26    1.90    0.00    0.00
  134.97  101.20 2015.16 2986.67    1.88    1.27    0.00    0.00
  134.97   41.93 4360.75  641.07    0.59    4.03    0.00    0.00
  134.97  138.97  615.00 4386.82    4.13    0.58    0.00    0.00
  134.97  118.22 1318.95 3682.87    2.58    0.93    0.00    0.00
  134.97   81.94 2851.57 2150.25    1.34    1.78    0.00    0.00
  134.97   91.69 2427.29 2574.53    1.59    1.50    0.00    0.00
  134.97   51.73 4049.20  952.62    0.75    3.19    0.00    0.00
  134.97   70.75 3325.33 1676.49    1.10    2.18    0.00    0.00
  134.97   81.85 2855.13 2146.69    1.34    1.78    0.00    0.00
  134.97  127.38  983.23 4018.59    3.13    0.76    0.00    0.00
  134.97  127.68  972.64 4029.18    3.15    0.76    0.00    0.00
  134.97  127.22  988.60 4013.22    3.12    0.77    0.00    0.00
  134.97   69.05 3394.69 1607.13    1.06    2.25    0.00    0.00
  134.97  169.13   45.78 4956.04   16.14    0.15    0.00    0.00
  134.97  124.35 1090.39 3911.43    2.93    0.82    0.00    0.00
  134.97   73.28 3220.17 1781.65    1.15    2.08    0.00    0.00
  134.97  106.61 1786.44 3215.38    2.07    1.15    0.00    0.00
  134.97  132.26  819.59 4182.23    3.49    0.68    0.00    0.00
  134.97   72.11 3268.70 1733.12    1.13    2.12    0.00    0.00
  134.97  103.21 1929.75 3072.07    1.95    1.23    0.00    0.00
  134.97   84.26 2751.08 2250.75    1.40    1.71    0.00    0.00
  134.97  107.28 1758.13 3243.69    2.10    1.14    0.00    0.00
  134.97   33.11 4594.96  406.86    0.46    5.20    0.00    0.00
  134.97  152.06  292.39 4709.43    6.21    0.38    0.00    0.00
  134.97  124.45 1086.68 3915.14    2.94    0.81    0.00    0.00
  134.97   61.23 3704.21 1297.61    0.92    2.61    0.00    0.00
  134.97   62.45 3657.07 1344.75    0.94    2.55    0.00    0.00
  134.97   87.59 2606.25 2395.57    1.48    1.61    0.00    0.00
  134.97   34.87 4551.96  449.86    0.49    4.92    0.00    0.00
  134.97  137.35  662.22 4339.60    3.96    0.60    0.00    0.00
  134.97   39.80 4421.59  580.23    0.56    4.27    0.00    0.00
  134.97   75.50 3126.80 1875.02    1.20    2.00    0.00    0.00
  134.97   74.23 3180.43 1821.40    1.17    2.04    0.00    0.00
  134.97  169.15   45.58 4956.24   16.18    0.15    0.00    0.00
  134.97   67.39 3462.20 1539.62    1.03    2.32    0.00    0.00
  134.97  114.90 1448.34 3553.48    2.42    0.99    0.00    0.00
  134.97  115.68 1417.62 3584.20    2.46    0.97    0.00    0.00
  134.97  100.69 2036.96 2964.86    1.87    1.28    0.00    0.00
  134.97  101.00 2024.04 2977.78    1.88    1.27    0.00    0.00
  134.97  107.12 1764.82 3237.00    2.09    1.14    0.00    0.00
  134.97   81.00 2892.17 2109.65    1.32    1.81    0.00    0.00
  134.97   10.26 4960.93   40.89    0.14   17.10    0.00    0.00
  134.97   56.44 3882.90 1118.92    0.83    2.88    0.00    0.00
  134.97   24.85 4769.51  232.31    0.34    7.01    0.00    0.00
  134.97  125.84 1037.19 3964.63    3.02    0.79    0.00    0.00
  134.97   93.87 2332.30 2669.52    1.65    1.45    0.00    0.00
  134.97   50.43 4093.51  908.31    0.73    3.28    0.00    0.00
  134.97   71.06 3312.38 1689.44    1.10    2.17    0.00    0.00
  134.97  105.96 1813.55 3188.27    2.05    1.17    0.00    0.00
  134.97   36.38 4513.60  488.23    0.51    4.70    0.00    0.00
  134.97  124.31 1091.86 3909.96    2.93    0.82    0.00    0.00
  134.97   48.75 4149.35  852.48    0.70    3.41    0.00    0.00
  134.97  128.22  954.25 4047.58    3.19    0.75    0.00    0.00
  134.97  126.23 1023.50 3978.32    3.05    0.78    0.00    0.00
  134.97   40.96 4388.90  612.92    0.58    4.14    0.00    0.00
  134.97   41.19 4382.24  619.58    0.58    4.11    0.00    0.00
  134.97   95.84 2246.48 2755.34    1.71    1.40    0.00    0.00
  134.97   24.70 4772.25  229.57    0.34    7.06    0.00    0.00
  134.97  169.71   41.15 4960.67   17.04    0.14    0.00    0.00
  134.97   59.46 3771.39 1230.43    0.88    2.71    0.00    0.00
  134.97   90.31 2487.55 2514.27    1.55    1.54    0.00    0.00
  134.97  102.99 1938.91 3062.92    1.94    1.23    0.00    0.00
  134.97   61.32 3700.89 1300.93    0.92    2.61    0.00    0.00
  134.97  106.21 1803.09 3198.73    2.06    1.16    0.00    0.00
  134.97  119.32 1276.62 3725.20    2.64    0.91    0.00    0.00
  134.97  150.46  325.78 4676.04    5.86    0.41    0.00    0.00
  134.97  134.88  736.77 4265.05    3.72    0.64    0.00    0.00
  134.97  135.53  716.95 4284.87    3.78    0.63    0.00    0.00
  134.97  132.57  809.75 4192.07    3.52    0.68    0.00    0.00
  134.97  149.49  347.14 4654.69    5.66    0.42    0.00    0.00
  134.97  152.68  279.69 4722.13    6.36    0.38    0.00    0.00
  134.97   68.59 3413.42 1588.40    1.05    2.27    0.00    0.00
  134.97   54.61 3948.87 1052.95    0.80    2.99    0.00    0.00
  134.97  151.66  300.46 4701.36    6.12    0.39    0.00    0.00
  134.97  111.19 1597.10 3404.72    2.26    1.06    0.00    0.00
  134.97  130.74  869.28 4132.54    3.37    0.71    0.00    0.00
  134.97   64.00 3596.68 1405.14    0.97    2.47    0.00    0.00
  134.97   71.20 3306.48 1695.34    1.11    2.16    0.00    0.00
  134.97  144.44  467.23 4534.59    4.82    0.50    0.00    0.00
  134.97   93.99 2327.06 2674.76    1.66    1.44    0.00    0.00
  134.97  153.37  266.19 4735.63    6.53    0.37    0.00    0.00
  134.97   55.91 3902.20 1099.63    0.82    2.91    0.00    0.00
  134.97  157.97  183.51 4818.31    7.93    0.30    0.00    0.00
  134.97  105.75 1822.48 3179.34    2.04    1.17    0.00    0.00
  134.97   25.91 4749.62  252.20    0.36    6.71    0.00    0.00
  134.97   68.44 3419.76 1582.06    1.05    2.27    0.00    0.00
  134.97   70.17 3349.11 1652.71    1.09    2.20    0.00    0.00
  134.97   58.83 3794.89 1206.93    0.87    2.74    0.00    0.00
  134.97   19.93 4851.13  150.69    0.27    8.78    0.00    0.00
  134.97   18.31 4874.32  127.50    0.25    9.57    0.00    0.00
  134.97  101.39 2007.23 2994.60    1.89    1.27    0.00    0.00
  134.97   97.44 2177.03 2824.79    1.76    1.36    0.00    0.00
  134.97   19.80 4853.12  148.70    0.27    8.84    0.00    0.00
  134.97   95.25 2272.02 2729.81    1.69    1.41    0.00    0.00
  134.97   96.22 2229.99 2771.83    1.72    1.39    0.00    0.00
  134.97  174.49   12.48 4989.34   31.31    0.07    0.00    0.00
  134.97   89.89 2505.56 2496.26    1.54    1.55    0.00    0.00
  134.97   61.57 3691.21 1310.61    0.92    2.60    0.00    0.00
  134.97   71.30 3302.62 1699.20    1.11    2.16    0.00    0.00
  134.97  111.65 1578.77 3423.05    2.28    1.05    0.00    0.00
  134.97   89.99 2501.19 2500.63    1.55    1.55    0.00    0.00
  134.97   61.44 3695.95 1305.87    0.92    2.60    0.00    0.00
  134.97   61.84 3680.56 1321.26    0.93    2.58    0.00    0.00
  134.97   93.90 2330.76 2671.06    1.66    1.44    0.00    0.00
  134.97  105.39 1837.56 3164.26    2.03    1.18    0.00    0.00
  134.97   99.75 2077.48 2924.34    1.83    1.30    0.00    0.00
  134.97   56.69 3873.85 1127.98    0.83    2.87    0.00    0.00
  134.97  164.57   91.03 4910.79   11.38    0.21    0.00    0.00
  134.97  144.99  453.28 4548.54    4.90    0.49    0.00    0.00
  134.97  139.06  612.49 4389.33    4.14    0.58    0.00    0.00
  134.97  152.26  288.25 4713.57    6.26    0.38    0.00    0.00
  134.97  115.42 1427.74 3574.08    2.45    0.98    0.00    0.00
  134.97  151.14  311.44 4690.38    6.00    0.40    0.00    0.00
  134.97   96.28 2227.30 2774.52    1.73    1.39    0.00    0.00
  134.97  109.49 1666.68 3335.14    2.19    1.09    0.00    0.00
  134.97  131.95  829.56 4172.26    3.47    0.69    0.00    0.00
  134.97  144.90  455.53 4546.29    4.89    0.49    0.00    0.00
  134.97  147.13  401.09 4600.73    5.24    0.46    0.00    0.00
  134.97  156.26  212.44 4789.38    7.35    0.33    0.00    0.00
  134.97   89.47 2524.09 2477.74    1.53    1.56    0.00    0.00
  134.97   72.90 3236.09 1765.73    1.14    2.09    0.00    0.00
  134.97  121.69 1187.53 3814.29    2.77    0.86    0.00    0.00
  134.97  107.08 1766.68 3235.14    2.09    1.14    0.00    0.00
  134.97   99.34 2094.99 2906.84    1.82    1.31    0.00    0.00
  134.97   34.99 4549.12  452.70    0.49    4.90    0.00    0.00
  134.97   22.07 4817.71  184.12    0.30    7.92    0.00    0.00
  134.97  114.76 1453.95 3547.87    2.42    0.99    0.00    0.00
  134.97   26.75 4733.26  268.56    0.37    6.50    0.00    0.00
  134.97   79.41 2960.50 2041.32    1.28    1.86    0.00    0.00
  134.97   90.47 2480.36 2521.46    1.56    1.53    0.00    0.00
  134.97   95.97 2240.73 2761.09    1.72    1.39    0.00    0.00
  134.97   44.15 4294.74  707.08    0.63    3.81    0.00    0.00
  134.97   85.41 2701.18 2300.64    1.43    1.68    0.00    0.00
  134.97   84.05 2760.10 2241.72    1.39    1.72    0.00    0.00
  134.97  135.23  726.14 4275.68    3.75    0.64    0.00    0.00
  134.97    9.44 4967.07   34.75    0.13   18.57    0.00    0.00
  134.97  107.29 1757.94 3243.88    2.10    1.14    0.00    0.00
  134.97  104.78 1863.25 3138.57    2.01    1.19    0.00    0.00
  134.97   67.50 3457.67 1544.15    1.03    2.31    0.00    0.00
  134.97   24.88 4768.91  232.91    0.34    7.00    0.00    0.00
  134.97   25.57 4756.12  245.70    0.35    6.81    0.00    0.00
  134.97  126.33 1019.92 3981.90    3.06    0.78    0.00    0.00
  134.97   19.63 4855.57  146.25    0.27    8.92    0.00    0.00
  134.97  164.47   92.20 4909.62   11.30    0.21    0.00    0.00
  134.97  109.12 1681.85 3319.97    2.17    1.10    0.00    0.00
  134.97   61.25 3703.40 1298.42    0.92    2.61    0.00    0.00
  134.97   39.39 4433.14  568.68    0.55    4.32    0.00    0.00
  134.97  113.35 1510.23 3491.59    2.35    1.02    0.00    0.00
  134.97  106.83 1777.06 3224.76    2.08    1.15    0.00    0.00
  134.97   37.16 4493.25  508.58    0.52    4.60    0.00    0.00
  134.97   79.58 2953.22 2048.60    1.29    1.86    0.00    0.00
  134.97  127.18  989.94 4011.88    3.11    0.77    0.00    0.00
  134.97  106.56 1788.17 3213.65    2.07    1.15    0.00    0.00
  134.97  152.29  287.64 4714.18    6.26    0.38    0.00    0.00
  134.97   49.34 4129.78  872.04    0.71    3.37    0.00    0.00
  134.97  129.69  904.23 4097.59    3.29    0.73    0.00    0.00
  134.97   74.19 3181.99 1819.83    1.17    2.04    0.00    0.00
  134.97  138.99  614.36 4387.46    4.13    0.58    0.00    0.00
  134.97  158.41  176.24 4825.58    8.10    0.29    0.00    0.00
  134.97  137.07  670.59 4331.23    3.93    0.61    0.00    0.00
  134.97   78.52 2998.40 2003.42    1.26    1.89    0.00    0.00
  134.97   57.09 3859.06 1142.76    0.84    2.84    0.00    0.00
  134.97   56.79 3870.36 1131.46    0.84    2.86    0.00    0.00
  134.97  126.37 1018.53 3983.29    3.06    0.78    0.00    0.00
  134.97  108.70 1699.21 3302.61    2.16    1.11    0.00    0.00
  134.97  121.09 1209.82 3792.00    2.74    0.87    0.00    0.00
  134.97   61.17 3706.53 1295.29    0.91    2.62    0.00    0.00
  134.97   42.35 4348.55  653.28    0.60    3.99    0.00    0.00
  134.97   53.40 3991.39 1010.43    0.78    3.07    0.00    0.00
  134.97  100.99 2024.43 2977.39    1.88    1.27    0.00    0.00
  134.97   29.89 4668.37  333.45    0.41    5.79    0.00    0.00
  134.97  101.45 2004.67 2997.15    1.89    1.26    0.00    0.00
  134.97  139.86  589.70 4412.12    4.23    0.56    0.00    0.00
  134.97  102.29 1968.63 3033.19    1.92    1.25    0.00    0.00
  134.97  101.10 2019.53 2982.29    1.88    1.27    0.00    0.00
  134.97  113.91 1487.71 3514.11    2.38    1.01    0.00    0.00
  134.97   71.42 3297.67 1704.15    1.11    2.15    0.00    0.00
  134.97   33.24 4591.91  409.91    0.46    5.18    0.00    0.00
  134.97  134.46  749.87 4251.95    3.68    0.65    0.00    0.00
  134.97   94.33 2312.23 2689.59    1.67    1.43    0.00    0.00
  134.97  111.42 1587.79 3414.04    2.27    1.05    0.00    0.00
  134.97   77.42 3045.33 1956.49    1.24    1.93    0.00    0.00
  134.97  102.27 1969.69 3032.13    1.92    1.25    0.00    0.00
  134.97   95.56 2258.62 2743.21    1.70    1.40    0.00    0.00
  134.97   29.17 4683.80  318.02    0.40    5.94    0.00    0.00
  134.97  166.48   70.19 4931.63   12.99    0.18    0.00    0.00
  134.97  103.33 1924.31 3077.51    1.96    1.22    0.00    0.00
  134.97   42.24 4351.87  649.95    0.60    4.00    0.00    0.00
  134.97   80.61 2908.70 2093.13    1.31    1.82    0.00    0.00
  134.97  105.29 1841.50 3160.32    2.03    1.18    0.00    0.00
  134.97   75.32 3134.46 1867.36    1.19    2.00    0.00    0.00
  134.97   94.35 2311.35 2690.47    1.67    1.43    0.00    0.00
  134.97   44.32 4289.65  712.17    0.63    3.80    0.00    0.00
  134.97   68.16 3430.87 1570.95    1.05    2.29    0.00    0.00
  134.97   69.02 3395.99 1605.83    1.06    2.25    0.00    0.00
  134.97  124.47 1086.15 3915.68    2.94    0.81    0.00    0.00
  134.97  146.41  418.26 4583.56    5.12    0.47    0.00    0.00
  134.97  108.40 1711.63 3290.19    2.14    1.12    0.00    0.00
  134.97  124.44 1087.05 3914.77    2.93    0.81    0.00    0.00
  134.97  149.47  347.48 4654.34    5.66    0.42    0.00    0.00
  134.97   65.68 3530.69 1471.13    1.00    2.40    0.00    0.00
  134.97   87.28 2619.72 2382.10    1.47    1.62    0.00    0.00
  134.97   90.11 2495.92 2505.90    1.55    1.54    0.00    0.00
  134.97   98.46 2133.17 2868.65    1.79    1.33    0.00    0.00
  134.97  165.40   81.62 4920.20   12.03    0.20    0.00    0.00
  134.97  102.52 1959.08 3042.74    1.93    1.24    0.00    0.00
  134.97   16.61 4896.55  105.27    0.23   10.56    0.00    0.00
  134.97  108.24 1718.57 3283.25    2.14    1.12    0.00    0.00
  134.97   92.51 2391.33 2610.49    1.62    1.48    0.00    0.00
  134.97   90.28 2488.53 2513.29    1.55    1.54    0.00    0.00
  134.97   79.92 2938.48 2063.34    1.30    1.85    0.00    0.00
  134.97   40.17 4411.25  590.57    0.57    4.23    0.00    0.00
  134.97   49.60 4121.17  880.65    0.71    3.35    0.00    0.00
  134.97   54.69 3945.84 1055.98    0.80    2.99    0.00    0.00
  134.97   96.99 2196.83 2804.99    1.75    1.37    0.00    0.00
  134.97  124.44 1087.13 3914.69    2.93    0.81    0.00    0.00
  134.97  127.11  992.52 4009.30    3.11    0.77    0.00    0.00
  134.97   65.55 3535.82 1466.00    1.00    2.40    0.00    0.00
  134.97   50.84 4079.78  922.05    0.73    3.25    0.00    0.00
  134.97   24.18 4781.64  220.18    0.33    7.21    0.00    0.00
  134.97   56.92 3865.40 1136.42    0.84    2.85    0.00    0.00
  134.97  169.02   46.71 4955.11   15.98    0.15    0.00    0.00
  134.97   89.08 2541.02 2460.80    1.52    1.57    0.00    0.00
  134.97   61.36 3698.98 1302.84    0.92    2.61    0.00    0.00
  134.97  138.79  620.11 4381.72    4.11    0.58    0.00    0.00
  134.97   53.31 3994.53 1007.30    0.78    3.08    0.00    0.00
  134.97   93.18 2362.06 2639.76    1.63    1.46    0.00    0.00
  134.97  158.52  174.59 4827.23    8.14    0.29    0.00    0.00
  134.97   72.11 3268.83 1732.99    1.13    2.12    0.00    0.00
  134.97  130.83  866.52 4135.30    3.38    0.71    0.00    0.00
  134.97  124.55 1082.93 3918.89    2.94    0.81    0.00    0.00
  134.97  130.37  881.58 4120.24    3.34    0.72    0.00    0.00
  134.97   74.93 3150.72 1851.10    1.19    2.02    0.00    0.00
  134.97   46.96 4207.11  794.72    0.67    3.56    0.00    0.00
  134.97  149.78  340.75 4661.08    5.72    0.42    0.00    0.00
  134.97   42.15 4354.44  647.38    0.60    4.01    0.00    0.00
  134.97  124.69 1077.91 3923.91    2.95    0.81    0.00    0.00
  134.97  118.31 1315.20 3686.62    2.59    0.92    0.00    0.00
  134.97   50.77 4082.13  919.69    0.73    3.26    0.00    0.00
  134.97  154.72  240.29 4761.53    6.89    0.35    0.00    0.00
  134.97   38.17 4466.24  535.58    0.54    4.47    0.00    0.00
  134.97   66.32 3505.01 1496.81    1.01    2.37    0.00    0.00
  134.97  171.63   27.54 4974.29   20.90    0.11    0.00    0.00
  134.97   74.61 3164.37 1837.45    1.18    2.03    0.00    0.00
  134.97   72.92 3235.25 1766.57    1.14    2.09    0.00    0.00
  134.97   42.39 4347.45  654.37    0.60    3.99    0.00    0.00
  134.97   38.68 4452.63  549.19    0.54    4.40    0.00    0.00
  134.97   79.23 2968.05 2033.77    1.28    1.87    0.00    0.00
  134.97   13.35 4933.38   68.44    0.18   13.16    0.00    0.00
  134.97  122.17 1169.94 3831.88    2.80    0.85    0.00    0.00
  134.97   97.05 2194.14 2807.68    1.75    1.37    0.00    0.00
  134.97   55.98 3899.64 1102.18    0.82    2.91    0.00    0.00
  134.97   68.64 3411.37 1590.45    1.06    2.26    0.00    0.00
  134.97   76.60 3080.35 1921.47    1.22    1.96    0.00    0.00
  134.97   49.23 4133.64  868.19    0.71    3.37    0.00    0.00
  134.97  120.20 1243.20 3758.62    2.69    0.89    0.00    0.00
  134.97  107.57 1746.21 3255.61    2.11    1.13    0.00    0.00
