    27.486   -13.956  3771.418   -84.334    42.820  1230.404  2000.000     0.000
    23.562   -20.244  3757.078   -71.189    61.165  1244.743  2000.000     0.000
   -72.705    34.864  1549.161    32.600   -15.633  3452.660  2000.000     0.000
   -76.669    39.109  1413.379    30.174   -15.392  3588.443  2000.000     0.000
   -79.576    35.109  1392.203    30.667   -13.531  3609.618  2000.000     0.000
   -61.347    21.285  2044.828    42.411   -14.715  2956.994  2000.000     0.000
   -17.586    36.202  3214.677    31.647   -65.149  1787.145  2000.000     0.000
   -35.877    10.038  3387.922    75.357   -21.083  1613.900  2000.000     0.000
    50.459   -10.617  2615.722   -55.319    11.639  2386.099  2000.000     0.000
   -68.242    -0.165  1925.988    42.716     0.103  3075.834  2000.000     0.000
    25.431   -50.217  2396.724   -23.396    46.198  2605.097  2000.000     0.000
    36.142    31.093  2810.125   -46.349   -39.873  2191.697  2000.000     0.000
    65.313    -4.221  2025.770   -44.445     2.872  2976.051  2000.000     0.000
   -29.156     0.592  3871.387    99.965    -2.031  1130.434  2000.000     0.000
    24.557   -40.448  2828.619   -31.970    52.657  2173.202  2000.000     0.000
   -46.068    34.122  2351.119    40.858   -30.263  2650.703  2000.000     0.000
    32.144     1.128  3690.995   -90.591    -3.179  1310.827  2000.000     0.000
   -81.116    29.320  1409.040    31.788   -11.490  3592.782  2000.000     0.000
   -14.516   -70.770  1793.035     8.108    39.528  3208.787  2000.000     0.000
    -0.846    53.066  2543.712     0.875   -54.915  2458.109  2000.000     0.000
     1.302   -50.325  2675.475    -1.498    57.883  2326.346  2000.000     0.000
    42.050   -12.396  3014.011   -63.779    18.802  1987.810  2000.000     0.000
    30.904    42.320  2575.463   -32.805   -44.922  2426.358  2000.000     0.000
    62.400   -34.953  1816.139   -35.559    19.918  3185.682  2000.000     0.000
   -25.565   -15.761  3819.097    82.640    50.947  1182.725  2000.000     0.000
    39.523    -6.179  3228.602   -71.996    11.256  1773.220  2000.000     0.000
     6.417    29.052  3836.000   -21.136   -95.695  1165.822  2000.000     0.000
    70.584     9.853  1824.383   -40.510    -5.655  3177.439  2000.000     0.000
     1.455   -65.154  2036.068    -0.999    44.717  2965.754  2000.000     0.000
   -25.880   -19.954  3660.010    70.654    54.473  1341.812  2000.000     0.000
   -64.607   -11.866  2017.010    43.646     8.016  2984.811  2000.000     0.000
   -25.344   -25.336  3471.549    57.532    57.515  1530.273  2000.000     0.000
   -41.808   -36.134  2442.847    39.909    34.493  2558.974  2000.000     0.000
   -48.793   -48.093  1916.714    30.303    29.868  3085.107  2000.000     0.000
    42.456   -40.738  2286.463   -35.745    34.299  2715.358  2000.000     0.000
   -49.158     8.667  2696.543    57.508   -10.139  2305.278  2000.000     0.000
    41.656   -35.762  2459.063   -40.284    34.585  2542.759  2000.000     0.000
   -31.314   -32.007  2963.113    45.525    46.533  2038.709  2000.000     0.000
   -63.473   -71.656  1208.298    20.196    22.800  3793.523  2000.000     0.000
   -37.810   -68.894  1604.553    17.847    32.520  3397.269  2000.000     0.000
   -64.365   -17.526  1980.033    42.162    11.480  3021.789  2000.000     0.000
   -49.124    46.450  1948.150    31.329   -29.623  3053.671  2000.000     0.000
   -16.491   -28.623  3638.742    44.061    76.472  1363.080  2000.000     0.000
     4.072    31.629  3707.450   -11.675   -90.677  1294.372  2000.000     0.000
   -47.560   -43.707  2057.565    33.228    30.536  2944.257  2000.000     0.000
   -49.578   -52.080  1803.852    27.953    29.363  3197.969  2000.000     0.000
   -60.045    23.910  2056.176    41.902   -16.685  2945.645  2000.000     0.000
    15.994   -57.925  2234.310   -12.911    46.757  2767.511  2000.000     0.000
   -34.427   -57.850  1958.327    22.144    37.211  3043.495  2000.000     0.000
    60.785    -1.882  2204.840   -47.908     1.483  2796.981  2000.000     0.000
   -67.483     4.259  1947.778    43.024    -2.716  3054.044  2000.000     0.000
    19.985   -47.520  2616.331   -21.921    52.122  2385.490  2000.000     0.000
