     3.765   -48.639  2753.429    -4.612    59.573  2248.393  2000.000     0.000
    42.086   -33.659  2505.518   -42.242    33.783  2496.303  2000.000     0.000
    39.402    22.359  2934.842   -55.960   -31.755  2066.980  2000.000     0.000
     6.612    54.579  2455.588    -6.376   -52.634  2546.233  2000.000     0.000
    51.895   -32.697  2183.809   -40.208    25.334  2818.012  2000.000     0.000
    -0.185   -64.856  2047.736     0.128    44.945  2954.086  2000.000     0.000
    44.521   -48.358  2015.428   -30.037    32.626  2986.393  2000.000     0.000
   -37.348    33.701  2677.277    43.019   -38.819  2324.545  2000.000     0.000
   -13.695    85.007  1412.560     5.385   -33.428  3589.262  2000.000     0.000
    46.031     6.194  2874.226   -62.199    -8.369  2127.596  2000.000     0.000
    -6.234   -37.268  3356.823    12.729    76.093  1644.998  2000.000     0.000
    22.071    50.274  2458.904   -21.341   -48.611  2542.918  2000.000     0.000
    11.976    40.046  3126.945   -19.982   -66.816  1874.876  2000.000     0.000
    54.421    73.022  1301.820   -19.130   -25.669  3700.002  2000.000     0.000
    70.797     4.177  1835.752   -41.032    -2.421  3166.069  2000.000     0.000
    47.683    50.101  1894.304   -29.056   -30.529  3107.518  2000.000     0.000
   -21.719    33.444  3235.826    39.814   -61.308  1765.995  2000.000     0.000
   -82.558   -33.648  1343.202    30.284    12.343  3658.619  2000.000     0.000
   -59.186   -45.959  1709.876    30.726    23.860  3291.946  2000.000     0.000
    77.029    24.570  1543.330   -34.351   -10.957  3458.491  2000.000     0.000
    -3.258   -41.612  3130.303     5.451    69.627  1871.518  2000.000     0.000
